<?xml version="1.0" encoding="UTF-8"?>
<coverage generated="1776188795106" clover="3.2.0">
  <project timestamp="1776188795106" name="All files">
    <metrics statements="203" coveredstatements="188" conditionals="122" coveredconditionals="115" methods="48" coveredmethods="41" elements="373" coveredelements="344" complexity="0" loc="203" ncloc="203" packages="7" files="13" classes="13"/>
    <package name="miso-travelhub-app">
      <metrics statements="1" coveredstatements="1" conditionals="0" coveredconditionals="0" methods="1" coveredmethods="1"/>
      <file name="App.tsx" path="/Users/quantumsoft/Downloads/MISO/proyecto-final/miso-travelhub-app/App.tsx">
        <metrics statements="1" coveredstatements="1" conditionals="0" coveredconditionals="0" methods="1" coveredmethods="1"/>
        <line num="8" count="1" type="stmt"/>
      </file>
    </package>
    <package name="miso-travelhub-app.src.components">
      <metrics statements="63" coveredstatements="63" conditionals="51" coveredconditionals="51" methods="12" coveredmethods="12"/>
      <file name="Calendar.tsx" path="/Users/quantumsoft/Downloads/MISO/proyecto-final/miso-travelhub-app/src/components/Calendar.tsx">
        <metrics statements="45" coveredstatements="45" conditionals="40" coveredconditionals="40" methods="7" coveredmethods="7"/>
        <line num="15" count="5" type="stmt"/>
        <line num="30" count="5" type="stmt"/>
        <line num="32" count="5" type="stmt"/>
        <line num="41" count="100" type="stmt"/>
        <line num="42" count="100" type="stmt"/>
        <line num="44" count="100" type="stmt"/>
        <line num="45" count="100" type="stmt"/>
        <line num="46" count="100" type="stmt"/>
        <line num="47" count="100" type="stmt"/>
        <line num="50" count="100" type="cond" truecount="3" falsecount="0"/>
        <line num="51" count="100" type="cond" truecount="2" falsecount="0"/>
        <line num="53" count="100" type="stmt"/>
        <line num="54" count="3021" type="cond" truecount="2" falsecount="0"/>
        <line num="55" count="62" type="stmt"/>
        <line num="57" count="2959" type="cond" truecount="4" falsecount="0"/>
        <line num="58" count="754" type="stmt"/>
        <line num="60" count="2205" type="stmt"/>
        <line num="63" count="100" type="stmt"/>
        <line num="64" count="3021" type="cond" truecount="4" falsecount="0"/>
        <line num="65" count="2779" type="stmt"/>
        <line num="67" count="242" type="cond" truecount="2" falsecount="0"/>
        <line num="70" count="100" type="stmt"/>
        <line num="71" count="3021" type="cond" truecount="2" falsecount="0"/>
        <line num="74" count="100" type="stmt"/>
        <line num="75" count="100" type="stmt"/>
        <line num="76" count="100" type="stmt"/>
        <line num="78" count="100" type="stmt"/>
        <line num="79" count="299" type="stmt"/>
        <line num="82" count="100" type="stmt"/>
        <line num="83" count="3021" type="stmt"/>
        <line num="84" count="3021" type="stmt"/>
        <line num="85" count="3021" type="stmt"/>
        <line num="87" count="3021" type="stmt"/>
        <line num="95" count="16" type="stmt"/>
        <line num="109" count="3021" type="cond" truecount="4" falsecount="0"/>
        <line num="110" count="504" type="cond" truecount="2" falsecount="0"/>
        <line num="111" count="100" type="stmt"/>
        <line num="112" count="100" type="stmt"/>
        <line num="113" count="208" type="stmt"/>
        <line num="118" count="504" type="stmt"/>
        <line num="123" count="504" type="stmt"/>
        <line num="127" count="100" type="stmt"/>
        <line num="130" count="100" type="stmt"/>
        <line num="154" count="700" type="stmt"/>
        <line num="164" count="5" type="stmt"/>
      </file>
      <file name="CounterInput.tsx" path="/Users/quantumsoft/Downloads/MISO/proyecto-final/miso-travelhub-app/src/components/CounterInput.tsx">
        <metrics statements="3" coveredstatements="3" conditionals="5" coveredconditionals="5" methods="1" coveredmethods="1"/>
        <line num="13" count="5" type="stmt"/>
        <line num="20" count="212" type="stmt"/>
        <line num="45" count="5" type="stmt"/>
      </file>
      <file name="RoomCard.tsx" path="/Users/quantumsoft/Downloads/MISO/proyecto-final/miso-travelhub-app/src/components/RoomCard.tsx">
        <metrics statements="15" coveredstatements="15" conditionals="6" coveredconditionals="6" methods="4" coveredmethods="4"/>
        <line num="11" count="5" type="stmt"/>
        <line num="13" count="41" type="stmt"/>
        <line num="15" count="5" type="stmt"/>
        <line num="16" count="41" type="stmt"/>
        <line num="17" count="41" type="cond" truecount="4" falsecount="0"/>
        <line num="18" count="38" type="stmt"/>
        <line num="20" count="3" type="stmt"/>
        <line num="23" count="5" type="stmt"/>
        <line num="24" count="41" type="stmt"/>
        <line num="25" count="41" type="stmt"/>
        <line num="26" count="205" type="stmt"/>
        <line num="34" count="41" type="stmt"/>
        <line num="37" count="5" type="stmt"/>
        <line num="38" count="41" type="stmt"/>
        <line num="58" count="5" type="stmt"/>
      </file>
    </package>
    <package name="miso-travelhub-app.src.data">
      <metrics statements="0" coveredstatements="0" conditionals="0" coveredconditionals="0" methods="0" coveredmethods="0"/>
      <file name="room.ts" path="/Users/quantumsoft/Downloads/MISO/proyecto-final/miso-travelhub-app/src/data/room.ts">
        <metrics statements="0" coveredstatements="0" conditionals="0" coveredconditionals="0" methods="0" coveredmethods="0"/>
      </file>
    </package>
    <package name="miso-travelhub-app.src.navigation">
      <metrics statements="9" coveredstatements="6" conditionals="0" coveredconditionals="0" methods="5" coveredmethods="2"/>
      <file name="AppNavigator.tsx" path="/Users/quantumsoft/Downloads/MISO/proyecto-final/miso-travelhub-app/src/navigation/AppNavigator.tsx">
        <metrics statements="6" coveredstatements="3" conditionals="0" coveredconditionals="0" methods="4" coveredmethods="1"/>
        <line num="9" count="2" type="stmt"/>
        <line num="11" count="2" type="stmt"/>
        <line num="12" count="6" type="stmt"/>
        <line num="35" count="0" type="stmt"/>
        <line num="44" count="0" type="stmt"/>
        <line num="53" count="0" type="stmt"/>
      </file>
      <file name="SearchStackNavigator.tsx" path="/Users/quantumsoft/Downloads/MISO/proyecto-final/miso-travelhub-app/src/navigation/SearchStackNavigator.tsx">
        <metrics statements="3" coveredstatements="3" conditionals="0" coveredconditionals="0" methods="1" coveredmethods="1"/>
        <line num="19" count="3" type="stmt"/>
        <line num="21" count="3" type="stmt"/>
        <line num="22" count="4" type="stmt"/>
      </file>
    </package>
    <package name="miso-travelhub-app.src.screens">
      <metrics statements="98" coveredstatements="86" conditionals="45" coveredconditionals="38" methods="22" coveredmethods="18"/>
      <file name="ReservationsScreen.tsx" path="/Users/quantumsoft/Downloads/MISO/proyecto-final/miso-travelhub-app/src/screens/ReservationsScreen.tsx">
        <metrics statements="3" coveredstatements="3" conditionals="0" coveredconditionals="0" methods="1" coveredmethods="1"/>
        <line num="6" count="3" type="stmt"/>
        <line num="7" count="2" type="stmt"/>
        <line num="15" count="3" type="stmt"/>
      </file>
      <file name="ResultsScreen.tsx" path="/Users/quantumsoft/Downloads/MISO/proyecto-final/miso-travelhub-app/src/screens/ResultsScreen.tsx">
        <metrics statements="36" coveredstatements="36" conditionals="25" coveredconditionals="22" methods="8" coveredmethods="8"/>
        <line num="21" count="4" type="stmt"/>
        <line num="22" count="34" type="stmt"/>
        <line num="23" count="34" type="stmt"/>
        <line num="25" count="34" type="stmt"/>
        <line num="27" count="34" type="stmt"/>
        <line num="28" count="34" type="stmt"/>
        <line num="29" count="34" type="stmt"/>
        <line num="31" count="34" type="stmt"/>
        <line num="32" count="17" type="stmt"/>
        <line num="34" count="17" type="stmt"/>
        <line num="35" count="17" type="stmt"/>
        <line num="36" count="17" type="stmt"/>
        <line num="37" count="17" type="stmt"/>
        <line num="38" count="17" type="stmt"/>
        <line num="45" count="13" type="cond" truecount="1" falsecount="1"/>
        <line num="46" count="13" type="stmt"/>
        <line num="49" count="4" type="cond" truecount="1" falsecount="1"/>
        <line num="51" count="4" type="cond" truecount="2" falsecount="0"/>
        <line num="52" count="4" type="stmt"/>
        <line num="53" count="4" type="stmt"/>
        <line num="56" count="17" type="cond" truecount="1" falsecount="1"/>
        <line num="57" count="17" type="stmt"/>
        <line num="62" count="17" type="stmt"/>
        <line num="64" count="17" type="stmt"/>
        <line num="65" count="17" type="stmt"/>
        <line num="69" count="34" type="stmt"/>
        <line num="70" count="34" type="cond" truecount="2" falsecount="0"/>
        <line num="71" count="17" type="stmt"/>
        <line num="73" count="17" type="cond" truecount="2" falsecount="0"/>
        <line num="74" count="4" type="stmt"/>
        <line num="76" count="13" type="stmt"/>
        <line num="79" count="34" type="stmt"/>
        <line num="104" count="1" type="stmt"/>
        <line num="132" count="36" type="stmt"/>
        <line num="133" count="24" type="stmt"/>
        <line num="142" count="4" type="stmt"/>
      </file>
      <file name="SearchScreen.tsx" path="/Users/quantumsoft/Downloads/MISO/proyecto-final/miso-travelhub-app/src/screens/SearchScreen.tsx">
        <metrics statements="56" coveredstatements="44" conditionals="20" coveredconditionals="16" methods="12" coveredmethods="8"/>
        <line num="20" count="4" type="stmt"/>
        <line num="21" count="68" type="stmt"/>
        <line num="23" count="68" type="stmt"/>
        <line num="24" count="68" type="stmt"/>
        <line num="25" count="68" type="stmt"/>
        <line num="26" count="68" type="stmt"/>
        <line num="27" count="68" type="stmt"/>
        <line num="28" count="68" type="stmt"/>
        <line num="29" count="68" type="stmt"/>
        <line num="30" count="68" type="stmt"/>
        <line num="31" count="68" type="stmt"/>
        <line num="34" count="68" type="cond" truecount="3" falsecount="0"/>
        <line num="36" count="68" type="stmt"/>
        <line num="37" count="14" type="cond" truecount="5" falsecount="0"/>
        <line num="38" count="8" type="stmt"/>
        <line num="39" count="8" type="stmt"/>
        <line num="40" count="6" type="cond" truecount="1" falsecount="1"/>
        <line num="41" count="6" type="stmt"/>
        <line num="43" count="0" type="stmt"/>
        <line num="44" count="0" type="stmt"/>
        <line num="48" count="68" type="stmt"/>
        <line num="49" count="0" type="cond" truecount="0" falsecount="2"/>
        <line num="50" count="0" type="stmt"/>
        <line num="51" count="0" type="stmt"/>
        <line num="53" count="0" type="stmt"/>
        <line num="55" count="0" type="stmt"/>
        <line num="56" count="0" type="stmt"/>
        <line num="59" count="68" type="stmt"/>
        <line num="60" count="13" type="cond" truecount="2" falsecount="0"/>
        <line num="61" count="1" type="stmt"/>
        <line num="62" count="1" type="stmt"/>
        <line num="64" count="12" type="stmt"/>
        <line num="66" count="13" type="stmt"/>
        <line num="67" count="13" type="stmt"/>
        <line num="70" count="68" type="stmt"/>
        <line num="85" count="68" type="stmt"/>
        <line num="86" count="10" type="stmt"/>
        <line num="87" count="10" type="stmt"/>
        <line num="88" count="10" type="stmt"/>
        <line num="91" count="68" type="stmt"/>
        <line num="92" count="5" type="cond" truecount="3" falsecount="1"/>
        <line num="93" count="0" type="stmt"/>
        <line num="96" count="5" type="stmt"/>
        <line num="97" count="5" type="stmt"/>
        <line num="99" count="5" type="stmt"/>
        <line num="100" count="5" type="stmt"/>
        <line num="101" count="5" type="stmt"/>
        <line num="103" count="5" type="stmt"/>
        <line num="114" count="68" type="stmt"/>
        <line num="145" count="1" type="stmt"/>
        <line num="146" count="0" type="stmt"/>
        <line num="153" count="1" type="stmt"/>
        <line num="154" count="0" type="stmt"/>
        <line num="161" count="1" type="stmt"/>
        <line num="162" count="0" type="stmt"/>
        <line num="177" count="4" type="stmt"/>
      </file>
      <file name="UserScreen.tsx" path="/Users/quantumsoft/Downloads/MISO/proyecto-final/miso-travelhub-app/src/screens/UserScreen.tsx">
        <metrics statements="3" coveredstatements="3" conditionals="0" coveredconditionals="0" methods="1" coveredmethods="1"/>
        <line num="6" count="3" type="stmt"/>
        <line num="7" count="2" type="stmt"/>
        <line num="15" count="3" type="stmt"/>
      </file>
    </package>
    <package name="miso-travelhub-app.src.services">
      <metrics statements="31" coveredstatements="31" conditionals="26" coveredconditionals="26" methods="8" coveredmethods="8"/>
      <file name="searchApi.ts" path="/Users/quantumsoft/Downloads/MISO/proyecto-final/miso-travelhub-app/src/services/searchApi.ts">
        <metrics statements="31" coveredstatements="31" conditionals="26" coveredconditionals="26" methods="8" coveredmethods="8"/>
        <line num="3" count="5" type="stmt"/>
        <line num="13" count="5" type="cond" truecount="1" falsecount="0"/>
        <line num="14" count="266" type="cond" truecount="2" falsecount="0"/>
        <line num="15" count="178" type="stmt"/>
        <line num="17" count="88" type="cond" truecount="4" falsecount="0"/>
        <line num="18" count="1" type="stmt"/>
        <line num="20" count="87" type="stmt"/>
        <line num="23" count="5" type="cond" truecount="1" falsecount="0"/>
        <line num="24" count="190" type="cond" truecount="4" falsecount="0"/>
        <line num="25" count="125" type="stmt"/>
        <line num="27" count="65" type="cond" truecount="4" falsecount="0"/>
        <line num="28" count="2" type="stmt"/>
        <line num="29" count="2" type="cond" truecount="2" falsecount="0"/>
        <line num="30" count="1" type="stmt"/>
        <line num="33" count="64" type="stmt"/>
        <line num="36" count="5" type="stmt"/>
        <line num="37" count="114" type="cond" truecount="2" falsecount="0"/>
        <line num="38" count="77" type="stmt"/>
        <line num="39" count="94" type="cond" truecount="2" falsecount="0"/>
        <line num="40" count="94" type="stmt"/>
        <line num="42" count="37" type="stmt"/>
        <line num="45" count="38" type="stmt"/>
        <line num="63" count="5" type="stmt"/>
        <line num="66" count="39" type="stmt"/>
        <line num="74" count="39" type="stmt"/>
        <line num="76" count="39" type="stmt"/>
        <line num="77" count="35" type="cond" truecount="2" falsecount="0"/>
        <line num="78" count="3" type="stmt"/>
        <line num="81" count="32" type="stmt"/>
        <line num="82" count="32" type="cond" truecount="2" falsecount="0"/>
        <line num="83" count="38" type="stmt"/>
      </file>
    </package>
    <package name="miso-travelhub-app.src.theme">
      <metrics statements="1" coveredstatements="1" conditionals="0" coveredconditionals="0" methods="0" coveredmethods="0"/>
      <file name="colors.ts" path="/Users/quantumsoft/Downloads/MISO/proyecto-final/miso-travelhub-app/src/theme/colors.ts">
        <metrics statements="1" coveredstatements="1" conditionals="0" coveredconditionals="0" methods="0" coveredmethods="0"/>
        <line num="1" count="11" type="stmt"/>
      </file>
    </package>
  </project>
</coverage>
