{"/Users/quantumsoft/Downloads/MISO/proyecto-final/miso-travelhub-app/App.tsx": {"path":"/Users/quantumsoft/Downloads/MISO/proyecto-final/miso-travelhub-app/App.tsx","statementMap":{"0":{"start":{"line":8,"column":2},"end":{"line":15,"column":4}}},"fnMap":{"0":{"name":"App","decl":{"start":{"line":7,"column":9},"end":{"line":7,"column":12}},"loc":{"start":{"line":7,"column":15},"end":{"line":16,"column":1}},"line":7}},"branchMap":{},"s":{"0":1},"f":{"0":1},"b":{},"_coverageSchema":"1a1c01bbd47fc00a2c39e90264f33305004495a9","hash":"4e06b443759daf0e5bda3afb08b5b7fbb1bbbfd4"}
,"/Users/quantumsoft/Downloads/MISO/proyecto-final/miso-travelhub-app/src/components/Calendar.tsx": {"path":"/Users/quantumsoft/Downloads/MISO/proyecto-final/miso-travelhub-app/src/components/Calendar.tsx","statementMap":{"0":{"start":{"line":15,"column":20},"end":{"line":28,"column":1}},"1":{"start":{"line":30,"column":18},"end":{"line":30,"column":67}},"2":{"start":{"line":32,"column":49},"end":{"line":162,"column":1}},"3":{"start":{"line":41,"column":22},"end":{"line":41,"column":60}},"4":{"start":{"line":42,"column":25},"end":{"line":42,"column":58}},"5":{"start":{"line":44,"column":16},"end":{"line":44,"column":26}},"6":{"start":{"line":45,"column":20},"end":{"line":45,"column":39}},"7":{"start":{"line":46,"column":21},"end":{"line":46,"column":37}},"8":{"start":{"line":47,"column":19},"end":{"line":47,"column":34}},"9":{"start":{"line":50,"column":4},"end":{"line":50,"column":66}},"10":{"start":{"line":51,"column":25},"end":{"line":51,"column":67}},"11":{"start":{"line":53,"column":21},"end":{"line":61,"column":3}},"12":{"start":{"line":54,"column":4},"end":{"line":56,"column":5}},"13":{"start":{"line":55,"column":6},"end":{"line":55,"column":18}},"14":{"start":{"line":57,"column":4},"end":{"line":59,"column":5}},"15":{"start":{"line":58,"column":6},"end":{"line":58,"column":18}},"16":{"start":{"line":60,"column":4},"end":{"line":60,"column":17}},"17":{"start":{"line":63,"column":20},"end":{"line":68,"column":3}},"18":{"start":{"line":64,"column":4},"end":{"line":66,"column":5}},"19":{"start":{"line":65,"column":6},"end":{"line":65,"column":19}},"20":{"start":{"line":67,"column":4},"end":{"line":67,"column":46}},"21":{"start":{"line":70,"column":23},"end":{"line":72,"column":3}},"22":{"start":{"line":71,"column":4},"end":{"line":71,"column":48}},"23":{"start":{"line":74,"column":21},"end":{"line":128,"column":3}},"24":{"start":{"line":75,"column":36},"end":{"line":75,"column":38}},"25":{"start":{"line":76,"column":35},"end":{"line":76,"column":37}},"26":{"start":{"line":78,"column":4},"end":{"line":80,"column":5}},"27":{"start":{"line":78,"column":17},"end":{"line":78,"column":18}},"28":{"start":{"line":79,"column":6},"end":{"line":79,"column":69}},"29":{"start":{"line":82,"column":4},"end":{"line":125,"column":5}},"30":{"start":{"line":82,"column":19},"end":{"line":82,"column":20}},"31":{"start":{"line":83,"column":22},"end":{"line":83,"column":36}},"32":{"start":{"line":84,"column":21},"end":{"line":84,"column":38}},"33":{"start":{"line":85,"column":23},"end":{"line":85,"column":38}},"34":{"start":{"line":87,"column":6},"end":{"line":107,"column":8}},"35":{"start":{"line":95,"column":25},"end":{"line":95,"column":42}},"36":{"start":{"line":109,"column":6},"end":{"line":124,"column":7}},"37":{"start":{"line":110,"column":8},"end":{"line":117,"column":9}},"38":{"start":{"line":111,"column":28},"end":{"line":111,"column":44}},"39":{"start":{"line":112,"column":10},"end":{"line":116,"column":11}},"40":{"start":{"line":112,"column":23},"end":{"line":112,"column":24}},"41":{"start":{"line":113,"column":12},"end":{"line":115,"column":14}},"42":{"start":{"line":118,"column":8},"end":{"line":122,"column":10}},"43":{"start":{"line":123,"column":8},"end":{"line":123,"column":19}},"44":{"start":{"line":127,"column":4},"end":{"line":127,"column":16}},"45":{"start":{"line":130,"column":2},"end":{"line":161,"column":4}},"46":{"start":{"line":154,"column":10},"end":{"line":156,"column":17}},"47":{"start":{"line":164,"column":15},"end":{"line":225,"column":2}}},"fnMap":{"0":{"name":"(anonymous_0)","decl":{"start":{"line":32,"column":49},"end":{"line":32,"column":50}},"loc":{"start":{"line":40,"column":6},"end":{"line":162,"column":1}},"line":40},"1":{"name":"(anonymous_1)","decl":{"start":{"line":53,"column":21},"end":{"line":53,"column":22}},"loc":{"start":{"line":53,"column":47},"end":{"line":61,"column":3}},"line":53},"2":{"name":"(anonymous_2)","decl":{"start":{"line":63,"column":20},"end":{"line":63,"column":21}},"loc":{"start":{"line":63,"column":46},"end":{"line":68,"column":3}},"line":63},"3":{"name":"(anonymous_3)","decl":{"start":{"line":70,"column":23},"end":{"line":70,"column":24}},"loc":{"start":{"line":70,"column":49},"end":{"line":72,"column":3}},"line":70},"4":{"name":"(anonymous_4)","decl":{"start":{"line":74,"column":21},"end":{"line":74,"column":22}},"loc":{"start":{"line":74,"column":27},"end":{"line":128,"column":3}},"line":74},"5":{"name":"(anonymous_5)","decl":{"start":{"line":95,"column":19},"end":{"line":95,"column":20}},"loc":{"start":{"line":95,"column":25},"end":{"line":95,"column":42}},"line":95},"6":{"name":"(anonymous_6)","decl":{"start":{"line":153,"column":23},"end":{"line":153,"column":24}},"loc":{"start":{"line":154,"column":10},"end":{"line":156,"column":17}},"line":154}},"branchMap":{"0":{"loc":{"start":{"line":50,"column":4},"end":{"line":50,"column":66}},"type":"binary-expr","locations":[{"start":{"line":50,"column":4},"end":{"line":50,"column":20}},{"start":{"line":50,"column":25},"end":{"line":50,"column":43}},{"start":{"line":50,"column":47},"end":{"line":50,"column":65}}],"line":50},"1":{"loc":{"start":{"line":51,"column":25},"end":{"line":51,"column":67}},"type":"binary-expr","locations":[{"start":{"line":51,"column":25},"end":{"line":51,"column":43}},{"start":{"line":51,"column":47},"end":{"line":51,"column":67}}],"line":51},"2":{"loc":{"start":{"line":54,"column":4},"end":{"line":56,"column":5}},"type":"if","locations":[{"start":{"line":54,"column":4},"end":{"line":56,"column":5}},{"start":{},"end":{}}],"line":54},"3":{"loc":{"start":{"line":57,"column":4},"end":{"line":59,"column":5}},"type":"if","locations":[{"start":{"line":57,"column":4},"end":{"line":59,"column":5}},{"start":{},"end":{}}],"line":57},"4":{"loc":{"start":{"line":57,"column":8},"end":{"line":57,"column":40}},"type":"binary-expr","locations":[{"start":{"line":57,"column":8},"end":{"line":57,"column":22}},{"start":{"line":57,"column":26},"end":{"line":57,"column":40}}],"line":57},"5":{"loc":{"start":{"line":64,"column":4},"end":{"line":66,"column":5}},"type":"if","locations":[{"start":{"line":64,"column":4},"end":{"line":66,"column":5}},{"start":{},"end":{}}],"line":64},"6":{"loc":{"start":{"line":64,"column":8},"end":{"line":64,"column":46}},"type":"binary-expr","locations":[{"start":{"line":64,"column":8},"end":{"line":64,"column":26}},{"start":{"line":64,"column":30},"end":{"line":64,"column":46}}],"line":64},"7":{"loc":{"start":{"line":67,"column":11},"end":{"line":67,"column":45}},"type":"binary-expr","locations":[{"start":{"line":67,"column":11},"end":{"line":67,"column":27}},{"start":{"line":67,"column":31},"end":{"line":67,"column":45}}],"line":67},"8":{"loc":{"start":{"line":71,"column":11},"end":{"line":71,"column":47}},"type":"binary-expr","locations":[{"start":{"line":71,"column":11},"end":{"line":71,"column":28}},{"start":{"line":71,"column":32},"end":{"line":71,"column":47}}],"line":71},"9":{"loc":{"start":{"line":92,"column":12},"end":{"line":92,"column":40}},"type":"binary-expr","locations":[{"start":{"line":92,"column":12},"end":{"line":92,"column":19}},{"start":{"line":92,"column":23},"end":{"line":92,"column":40}}],"line":92},"10":{"loc":{"start":{"line":93,"column":12},"end":{"line":93,"column":36}},"type":"binary-expr","locations":[{"start":{"line":93,"column":12},"end":{"line":93,"column":18}},{"start":{"line":93,"column":22},"end":{"line":93,"column":36}}],"line":93},"11":{"loc":{"start":{"line":100,"column":14},"end":{"line":100,"column":46}},"type":"binary-expr","locations":[{"start":{"line":100,"column":14},"end":{"line":100,"column":21}},{"start":{"line":100,"column":25},"end":{"line":100,"column":46}}],"line":100},"12":{"loc":{"start":{"line":101,"column":14},"end":{"line":101,"column":42}},"type":"binary-expr","locations":[{"start":{"line":101,"column":14},"end":{"line":101,"column":20}},{"start":{"line":101,"column":24},"end":{"line":101,"column":42}}],"line":101},"13":{"loc":{"start":{"line":102,"column":14},"end":{"line":102,"column":48}},"type":"binary-expr","locations":[{"start":{"line":102,"column":14},"end":{"line":102,"column":22}},{"start":{"line":102,"column":26},"end":{"line":102,"column":48}}],"line":102},"14":{"loc":{"start":{"line":109,"column":6},"end":{"line":124,"column":7}},"type":"if","locations":[{"start":{"line":109,"column":6},"end":{"line":124,"column":7}},{"start":{},"end":{}}],"line":109},"15":{"loc":{"start":{"line":109,"column":10},"end":{"line":109,"column":65}},"type":"binary-expr","locations":[{"start":{"line":109,"column":10},"end":{"line":109,"column":42}},{"start":{"line":109,"column":46},"end":{"line":109,"column":65}}],"line":109},"16":{"loc":{"start":{"line":110,"column":8},"end":{"line":117,"column":9}},"type":"if","locations":[{"start":{"line":110,"column":8},"end":{"line":117,"column":9}},{"start":{},"end":{}}],"line":110},"17":{"loc":{"start":{"line":136,"column":20},"end":{"line":136,"column":49}},"type":"binary-expr","locations":[{"start":{"line":136,"column":20},"end":{"line":136,"column":34}},{"start":{"line":136,"column":38},"end":{"line":136,"column":49}}],"line":136},"18":{"loc":{"start":{"line":140,"column":14},"end":{"line":140,"column":71}},"type":"binary-expr","locations":[{"start":{"line":140,"column":15},"end":{"line":140,"column":29}},{"start":{"line":140,"column":33},"end":{"line":140,"column":44}},{"start":{"line":140,"column":49},"end":{"line":140,"column":71}}],"line":140}},"s":{"0":5,"1":5,"2":5,"3":100,"4":100,"5":100,"6":100,"7":100,"8":100,"9":100,"10":100,"11":100,"12":3021,"13":62,"14":2959,"15":754,"16":2205,"17":100,"18":3021,"19":2779,"20":242,"21":100,"22":3021,"23":100,"24":100,"25":100,"26":100,"27":100,"28":299,"29":100,"30":100,"31":3021,"32":3021,"33":3021,"34":3021,"35":16,"36":3021,"37":504,"38":100,"39":100,"40":100,"41":208,"42":504,"43":504,"44":100,"45":100,"46":700,"47":5},"f":{"0":100,"1":3021,"2":3021,"3":3021,"4":100,"5":16,"6":700},"b":{"0":[100,98,67],"1":[100,67],"2":[62,2959],"3":[754,2205],"4":[2959,1740],"5":[2779,242],"6":[3021,513],"7":[242,115],"8":[3021,3004],"9":[3021,53],"10":[3021,25],"11":[3021,53],"12":[3021,25],"13":[3021,816],"14":[504,2517],"15":[3021,2602],"16":[100,404],"17":[100,42],"18":[100,42,60]},"_coverageSchema":"1a1c01bbd47fc00a2c39e90264f33305004495a9","hash":"e75a7c9e38823fe67a00236d02a65e56eb779486"}
,"/Users/quantumsoft/Downloads/MISO/proyecto-final/miso-travelhub-app/src/components/CounterInput.tsx": {"path":"/Users/quantumsoft/Downloads/MISO/proyecto-final/miso-travelhub-app/src/components/CounterInput.tsx","statementMap":{"0":{"start":{"line":13,"column":57},"end":{"line":43,"column":1}},"1":{"start":{"line":20,"column":2},"end":{"line":42,"column":4}},"2":{"start":{"line":45,"column":15},"end":{"line":85,"column":2}}},"fnMap":{"0":{"name":"(anonymous_0)","decl":{"start":{"line":13,"column":57},"end":{"line":13,"column":58}},"loc":{"start":{"line":19,"column":6},"end":{"line":43,"column":1}},"line":19}},"branchMap":{"0":{"loc":{"start":{"line":16,"column":2},"end":{"line":16,"column":9}},"type":"default-arg","locations":[{"start":{"line":16,"column":8},"end":{"line":16,"column":9}}],"line":16},"1":{"loc":{"start":{"line":25,"column":33},"end":{"line":25,"column":70}},"type":"binary-expr","locations":[{"start":{"line":25,"column":33},"end":{"line":25,"column":45}},{"start":{"line":25,"column":49},"end":{"line":25,"column":70}}],"line":25},"2":{"loc":{"start":{"line":31,"column":14},"end":{"line":31,"column":55}},"type":"binary-expr","locations":[{"start":{"line":31,"column":14},"end":{"line":31,"column":26}},{"start":{"line":31,"column":30},"end":{"line":31,"column":55}}],"line":31}},"s":{"0":5,"1":212,"2":5},"f":{"0":212},"b":{"0":[1],"1":[212,204],"2":[212,204]},"_coverageSchema":"1a1c01bbd47fc00a2c39e90264f33305004495a9","hash":"f83b795a9d97763dfe55008f226f58561c9f316f"}
,"/Users/quantumsoft/Downloads/MISO/proyecto-final/miso-travelhub-app/src/components/RoomCard.tsx": {"path":"/Users/quantumsoft/Downloads/MISO/proyecto-final/miso-travelhub-app/src/components/RoomCard.tsx","statementMap":{"0":{"start":{"line":11,"column":2},"end":{"line":11,"column":70}},"1":{"start":{"line":13,"column":20},"end":{"line":13,"column":76}},"2":{"start":{"line":13,"column":47},"end":{"line":13,"column":76}},"3":{"start":{"line":15,"column":21},"end":{"line":21,"column":1}},"4":{"start":{"line":16,"column":16},"end":{"line":16,"column":25}},"5":{"start":{"line":17,"column":2},"end":{"line":19,"column":3}},"6":{"start":{"line":18,"column":4},"end":{"line":18,"column":17}},"7":{"start":{"line":20,"column":2},"end":{"line":20,"column":27}},"8":{"start":{"line":23,"column":47},"end":{"line":35,"column":1}},"9":{"start":{"line":24,"column":16},"end":{"line":24,"column":18}},"10":{"start":{"line":25,"column":2},"end":{"line":33,"column":3}},"11":{"start":{"line":25,"column":15},"end":{"line":25,"column":16}},"12":{"start":{"line":26,"column":4},"end":{"line":32,"column":6}},"13":{"start":{"line":34,"column":2},"end":{"line":34,"column":60}},"14":{"start":{"line":37,"column":49},"end":{"line":56,"column":1}},"15":{"start":{"line":38,"column":2},"end":{"line":55,"column":4}},"16":{"start":{"line":58,"column":15},"end":{"line":111,"column":2}}},"fnMap":{"0":{"name":"(anonymous_0)","decl":{"start":{"line":13,"column":20},"end":{"line":13,"column":21}},"loc":{"start":{"line":13,"column":47},"end":{"line":13,"column":76}},"line":13},"1":{"name":"(anonymous_1)","decl":{"start":{"line":15,"column":21},"end":{"line":15,"column":22}},"loc":{"start":{"line":15,"column":51},"end":{"line":21,"column":1}},"line":15},"2":{"name":"(anonymous_2)","decl":{"start":{"line":23,"column":47},"end":{"line":23,"column":48}},"loc":{"start":{"line":23,"column":61},"end":{"line":35,"column":1}},"line":23},"3":{"name":"(anonymous_3)","decl":{"start":{"line":37,"column":49},"end":{"line":37,"column":50}},"loc":{"start":{"line":37,"column":61},"end":{"line":56,"column":1}},"line":37}},"branchMap":{"0":{"loc":{"start":{"line":17,"column":2},"end":{"line":19,"column":3}},"type":"if","locations":[{"start":{"line":17,"column":2},"end":{"line":19,"column":3}},{"start":{},"end":{}}],"line":17},"1":{"loc":{"start":{"line":17,"column":6},"end":{"line":17,"column":42}},"type":"binary-expr","locations":[{"start":{"line":17,"column":6},"end":{"line":17,"column":11}},{"start":{"line":17,"column":15},"end":{"line":17,"column":42}}],"line":17},"2":{"loc":{"start":{"line":29,"column":29},"end":{"line":29,"column":79}},"type":"cond-expr","locations":[{"start":{"line":29,"column":43},"end":{"line":29,"column":60}},{"start":{"line":29,"column":63},"end":{"line":29,"column":79}}],"line":29}},"s":{"0":5,"1":5,"2":41,"3":5,"4":41,"5":41,"6":38,"7":3,"8":5,"9":41,"10":41,"11":41,"12":205,"13":41,"14":5,"15":41,"16":5},"f":{"0":41,"1":41,"2":41,"3":41},"b":{"0":[38,3],"1":[41,39],"2":[193,12]},"_coverageSchema":"1a1c01bbd47fc00a2c39e90264f33305004495a9","hash":"f4e1aa4eb9e86dbf731fb94b7b6ae48e65ce8ff1"}
,"/Users/quantumsoft/Downloads/MISO/proyecto-final/miso-travelhub-app/src/data/room.ts": {"path":"/Users/quantumsoft/Downloads/MISO/proyecto-final/miso-travelhub-app/src/data/room.ts","statementMap":{},"fnMap":{},"branchMap":{},"s":{},"f":{},"b":{}}
,"/Users/quantumsoft/Downloads/MISO/proyecto-final/miso-travelhub-app/src/navigation/AppNavigator.tsx": {"path":"/Users/quantumsoft/Downloads/MISO/proyecto-final/miso-travelhub-app/src/navigation/AppNavigator.tsx","statementMap":{"0":{"start":{"line":9,"column":12},"end":{"line":9,"column":38}},"1":{"start":{"line":11,"column":38},"end":{"line":59,"column":1}},"2":{"start":{"line":12,"column":2},"end":{"line":58,"column":4}},"3":{"start":{"line":35,"column":12},"end":{"line":35,"column":68}},"4":{"start":{"line":44,"column":12},"end":{"line":44,"column":70}},"5":{"start":{"line":53,"column":12},"end":{"line":53,"column":68}}},"fnMap":{"0":{"name":"(anonymous_0)","decl":{"start":{"line":11,"column":38},"end":{"line":11,"column":39}},"loc":{"start":{"line":11,"column":44},"end":{"line":59,"column":1}},"line":11},"1":{"name":"(anonymous_1)","decl":{"start":{"line":34,"column":22},"end":{"line":34,"column":23}},"loc":{"start":{"line":35,"column":12},"end":{"line":35,"column":68}},"line":35},"2":{"name":"(anonymous_2)","decl":{"start":{"line":43,"column":22},"end":{"line":43,"column":23}},"loc":{"start":{"line":44,"column":12},"end":{"line":44,"column":70}},"line":44},"3":{"name":"(anonymous_3)","decl":{"start":{"line":52,"column":22},"end":{"line":52,"column":23}},"loc":{"start":{"line":53,"column":12},"end":{"line":53,"column":68}},"line":53}},"branchMap":{},"s":{"0":2,"1":2,"2":6,"3":0,"4":0,"5":0},"f":{"0":6,"1":0,"2":0,"3":0},"b":{},"_coverageSchema":"1a1c01bbd47fc00a2c39e90264f33305004495a9","hash":"b815f6748d27963b5bd1f1ce8b98088391731d16"}
,"/Users/quantumsoft/Downloads/MISO/proyecto-final/miso-travelhub-app/src/navigation/SearchStackNavigator.tsx": {"path":"/Users/quantumsoft/Downloads/MISO/proyecto-final/miso-travelhub-app/src/navigation/SearchStackNavigator.tsx","statementMap":{"0":{"start":{"line":19,"column":14},"end":{"line":19,"column":64}},"1":{"start":{"line":21,"column":46},"end":{"line":28,"column":1}},"2":{"start":{"line":22,"column":2},"end":{"line":27,"column":4}}},"fnMap":{"0":{"name":"(anonymous_0)","decl":{"start":{"line":21,"column":46},"end":{"line":21,"column":47}},"loc":{"start":{"line":21,"column":52},"end":{"line":28,"column":1}},"line":21}},"branchMap":{},"s":{"0":3,"1":3,"2":4},"f":{"0":4},"b":{},"_coverageSchema":"1a1c01bbd47fc00a2c39e90264f33305004495a9","hash":"8a274c7a0ca682bfa4e69452d15b12f15f274572"}
,"/Users/quantumsoft/Downloads/MISO/proyecto-final/miso-travelhub-app/src/screens/ReservationsScreen.tsx": {"path":"/Users/quantumsoft/Downloads/MISO/proyecto-final/miso-travelhub-app/src/screens/ReservationsScreen.tsx","statementMap":{"0":{"start":{"line":6,"column":44},"end":{"line":13,"column":1}},"1":{"start":{"line":7,"column":2},"end":{"line":12,"column":4}},"2":{"start":{"line":15,"column":15},"end":{"line":32,"column":2}}},"fnMap":{"0":{"name":"(anonymous_0)","decl":{"start":{"line":6,"column":44},"end":{"line":6,"column":45}},"loc":{"start":{"line":6,"column":50},"end":{"line":13,"column":1}},"line":6}},"branchMap":{},"s":{"0":3,"1":2,"2":3},"f":{"0":2},"b":{},"_coverageSchema":"1a1c01bbd47fc00a2c39e90264f33305004495a9","hash":"e46bbbd48ff21dd8d77e66a16add65753602bbb1"}
,"/Users/quantumsoft/Downloads/MISO/proyecto-final/miso-travelhub-app/src/screens/ResultsScreen.tsx": {"path":"/Users/quantumsoft/Downloads/MISO/proyecto-final/miso-travelhub-app/src/screens/ResultsScreen.tsx","statementMap":{"0":{"start":{"line":21,"column":39},"end":{"line":140,"column":1}},"1":{"start":{"line":22,"column":16},"end":{"line":22,"column":44}},"2":{"start":{"line":23,"column":21},"end":{"line":23,"column":36}},"3":{"start":{"line":25,"column":4},"end":{"line":25,"column":16}},"4":{"start":{"line":27,"column":32},"end":{"line":27,"column":52}},"5":{"start":{"line":28,"column":32},"end":{"line":28,"column":46}},"6":{"start":{"line":29,"column":28},"end":{"line":29,"column":57}},"7":{"start":{"line":31,"column":2},"end":{"line":67,"column":49}},"8":{"start":{"line":32,"column":20},"end":{"line":32,"column":25}},"9":{"start":{"line":34,"column":16},"end":{"line":60,"column":5}},"10":{"start":{"line":35,"column":6},"end":{"line":35,"column":23}},"11":{"start":{"line":36,"column":6},"end":{"line":36,"column":21}},"12":{"start":{"line":37,"column":6},"end":{"line":59,"column":7}},"13":{"start":{"line":38,"column":21},"end":{"line":44,"column":10}},"14":{"start":{"line":45,"column":8},"end":{"line":47,"column":9}},"15":{"start":{"line":46,"column":10},"end":{"line":46,"column":27}},"16":{"start":{"line":49,"column":8},"end":{"line":54,"column":9}},"17":{"start":{"line":51,"column":12},"end":{"line":51,"column":68}},"18":{"start":{"line":52,"column":10},"end":{"line":52,"column":28}},"19":{"start":{"line":53,"column":10},"end":{"line":53,"column":25}},"20":{"start":{"line":56,"column":8},"end":{"line":58,"column":9}},"21":{"start":{"line":57,"column":10},"end":{"line":57,"column":28}},"22":{"start":{"line":62,"column":4},"end":{"line":62,"column":10}},"23":{"start":{"line":64,"column":4},"end":{"line":66,"column":6}},"24":{"start":{"line":65,"column":6},"end":{"line":65,"column":23}},"25":{"start":{"line":69,"column":22},"end":{"line":77,"column":3}},"26":{"start":{"line":70,"column":4},"end":{"line":72,"column":5}},"27":{"start":{"line":71,"column":6},"end":{"line":71,"column":38}},"28":{"start":{"line":73,"column":4},"end":{"line":75,"column":5}},"29":{"start":{"line":74,"column":6},"end":{"line":74,"column":52}},"30":{"start":{"line":76,"column":4},"end":{"line":76,"column":54}},"31":{"start":{"line":79,"column":2},"end":{"line":139,"column":4}},"32":{"start":{"line":104,"column":25},"end":{"line":104,"column":44}},"33":{"start":{"line":132,"column":32},"end":{"line":132,"column":39}},"34":{"start":{"line":133,"column":34},"end":{"line":133,"column":58}},"35":{"start":{"line":142,"column":15},"end":{"line":202,"column":2}}},"fnMap":{"0":{"name":"(anonymous_0)","decl":{"start":{"line":21,"column":39},"end":{"line":21,"column":40}},"loc":{"start":{"line":21,"column":45},"end":{"line":140,"column":1}},"line":21},"1":{"name":"(anonymous_1)","decl":{"start":{"line":31,"column":12},"end":{"line":31,"column":13}},"loc":{"start":{"line":31,"column":18},"end":{"line":67,"column":3}},"line":31},"2":{"name":"(anonymous_2)","decl":{"start":{"line":34,"column":16},"end":{"line":34,"column":17}},"loc":{"start":{"line":34,"column":28},"end":{"line":60,"column":5}},"line":34},"3":{"name":"(anonymous_3)","decl":{"start":{"line":64,"column":11},"end":{"line":64,"column":12}},"loc":{"start":{"line":64,"column":17},"end":{"line":66,"column":5}},"line":64},"4":{"name":"(anonymous_4)","decl":{"start":{"line":69,"column":22},"end":{"line":69,"column":23}},"loc":{"start":{"line":69,"column":28},"end":{"line":77,"column":3}},"line":69},"5":{"name":"(anonymous_5)","decl":{"start":{"line":104,"column":19},"end":{"line":104,"column":20}},"loc":{"start":{"line":104,"column":25},"end":{"line":104,"column":44}},"line":104},"6":{"name":"(anonymous_6)","decl":{"start":{"line":132,"column":24},"end":{"line":132,"column":25}},"loc":{"start":{"line":132,"column":32},"end":{"line":132,"column":39}},"line":132},"7":{"name":"(anonymous_7)","decl":{"start":{"line":133,"column":22},"end":{"line":133,"column":23}},"loc":{"start":{"line":133,"column":34},"end":{"line":133,"column":58}},"line":133}},"branchMap":{"0":{"loc":{"start":{"line":45,"column":8},"end":{"line":47,"column":9}},"type":"if","locations":[{"start":{"line":45,"column":8},"end":{"line":47,"column":9}},{"start":{},"end":{}}],"line":45},"1":{"loc":{"start":{"line":49,"column":8},"end":{"line":54,"column":9}},"type":"if","locations":[{"start":{"line":49,"column":8},"end":{"line":54,"column":9}},{"start":{},"end":{}}],"line":49},"2":{"loc":{"start":{"line":51,"column":12},"end":{"line":51,"column":68}},"type":"cond-expr","locations":[{"start":{"line":51,"column":35},"end":{"line":51,"column":46}},{"start":{"line":51,"column":49},"end":{"line":51,"column":68}}],"line":51},"3":{"loc":{"start":{"line":56,"column":8},"end":{"line":58,"column":9}},"type":"if","locations":[{"start":{"line":56,"column":8},"end":{"line":58,"column":9}},{"start":{},"end":{}}],"line":56},"4":{"loc":{"start":{"line":70,"column":4},"end":{"line":72,"column":5}},"type":"if","locations":[{"start":{"line":70,"column":4},"end":{"line":72,"column":5}},{"start":{},"end":{}}],"line":70},"5":{"loc":{"start":{"line":73,"column":4},"end":{"line":75,"column":5}},"type":"if","locations":[{"start":{"line":73,"column":4},"end":{"line":75,"column":5}},{"start":{},"end":{}}],"line":73},"6":{"loc":{"start":{"line":109,"column":7},"end":{"line":113,"column":7}},"type":"binary-expr","locations":[{"start":{"line":109,"column":7},"end":{"line":109,"column":14}},{"start":{"line":110,"column":8},"end":{"line":112,"column":15}}],"line":109},"7":{"loc":{"start":{"line":115,"column":7},"end":{"line":119,"column":7}},"type":"binary-expr","locations":[{"start":{"line":115,"column":7},"end":{"line":115,"column":15}},{"start":{"line":115,"column":19},"end":{"line":115,"column":24}},{"start":{"line":116,"column":8},"end":{"line":118,"column":15}}],"line":115},"8":{"loc":{"start":{"line":121,"column":7},"end":{"line":127,"column":7}},"type":"binary-expr","locations":[{"start":{"line":121,"column":7},"end":{"line":121,"column":15}},{"start":{"line":121,"column":19},"end":{"line":121,"column":25}},{"start":{"line":121,"column":29},"end":{"line":121,"column":49}},{"start":{"line":122,"column":8},"end":{"line":126,"column":15}}],"line":121},"9":{"loc":{"start":{"line":129,"column":7},"end":{"line":137,"column":7}},"type":"binary-expr","locations":[{"start":{"line":129,"column":7},"end":{"line":129,"column":15}},{"start":{"line":129,"column":19},"end":{"line":129,"column":25}},{"start":{"line":129,"column":29},"end":{"line":129,"column":47}},{"start":{"line":130,"column":8},"end":{"line":136,"column":10}}],"line":129}},"s":{"0":4,"1":34,"2":34,"3":34,"4":34,"5":34,"6":34,"7":34,"8":17,"9":17,"10":17,"11":17,"12":17,"13":17,"14":13,"15":13,"16":4,"17":4,"18":4,"19":4,"20":17,"21":17,"22":17,"23":17,"24":17,"25":34,"26":34,"27":17,"28":17,"29":4,"30":13,"31":34,"32":1,"33":36,"34":24,"35":4},"f":{"0":34,"1":17,"2":17,"3":17,"4":34,"5":1,"6":36,"7":24},"b":{"0":[13,0],"1":[4,0],"2":[3,1],"3":[17,0],"4":[17,17],"5":[4,13],"6":[34,17],"7":[34,17,4],"8":[34,17,13,1],"9":[34,17,13,12]},"_coverageSchema":"1a1c01bbd47fc00a2c39e90264f33305004495a9","hash":"83dd7a218640ab6101b9b39bc4856174e0dd3409"}
,"/Users/quantumsoft/Downloads/MISO/proyecto-final/miso-travelhub-app/src/screens/SearchScreen.tsx": {"path":"/Users/quantumsoft/Downloads/MISO/proyecto-final/miso-travelhub-app/src/screens/SearchScreen.tsx","statementMap":{"0":{"start":{"line":20,"column":38},"end":{"line":175,"column":1}},"1":{"start":{"line":21,"column":21},"end":{"line":21,"column":52}},"2":{"start":{"line":23,"column":16},"end":{"line":23,"column":26}},"3":{"start":{"line":24,"column":40},"end":{"line":24,"column":52}},"4":{"start":{"line":25,"column":42},"end":{"line":25,"column":68}},"5":{"start":{"line":26,"column":40},"end":{"line":26,"column":69}},"6":{"start":{"line":27,"column":36},"end":{"line":27,"column":65}},"7":{"start":{"line":28,"column":32},"end":{"line":28,"column":61}},"8":{"start":{"line":29,"column":30},"end":{"line":29,"column":41}},"9":{"start":{"line":30,"column":34},"end":{"line":30,"column":45}},"10":{"start":{"line":31,"column":28},"end":{"line":31,"column":39}},"11":{"start":{"line":34,"column":4},"end":{"line":34,"column":75}},"12":{"start":{"line":36,"column":27},"end":{"line":46,"column":3}},"13":{"start":{"line":37,"column":4},"end":{"line":45,"column":5}},"14":{"start":{"line":38,"column":6},"end":{"line":38,"column":24}},"15":{"start":{"line":39,"column":6},"end":{"line":39,"column":23}},"16":{"start":{"line":40,"column":11},"end":{"line":45,"column":5}},"17":{"start":{"line":41,"column":6},"end":{"line":41,"column":22}},"18":{"start":{"line":43,"column":6},"end":{"line":43,"column":24}},"19":{"start":{"line":44,"column":6},"end":{"line":44,"column":23}},"20":{"start":{"line":48,"column":26},"end":{"line":57,"column":3}},"21":{"start":{"line":49,"column":4},"end":{"line":54,"column":5}},"22":{"start":{"line":50,"column":6},"end":{"line":50,"column":26}},"23":{"start":{"line":51,"column":6},"end":{"line":51,"column":38}},"24":{"start":{"line":53,"column":6},"end":{"line":53,"column":40}},"25":{"start":{"line":55,"column":4},"end":{"line":55,"column":23}},"26":{"start":{"line":56,"column":4},"end":{"line":56,"column":21}},"27":{"start":{"line":59,"column":26},"end":{"line":68,"column":3}},"28":{"start":{"line":60,"column":4},"end":{"line":65,"column":5}},"29":{"start":{"line":61,"column":6},"end":{"line":61,"column":25}},"30":{"start":{"line":62,"column":6},"end":{"line":62,"column":38}},"31":{"start":{"line":64,"column":6},"end":{"line":64,"column":40}},"32":{"start":{"line":66,"column":4},"end":{"line":66,"column":23}},"33":{"start":{"line":67,"column":4},"end":{"line":67,"column":21}},"34":{"start":{"line":70,"column":22},"end":{"line":83,"column":3}},"35":{"start":{"line":85,"column":24},"end":{"line":89,"column":3}},"36":{"start":{"line":86,"column":15},"end":{"line":86,"column":49}},"37":{"start":{"line":87,"column":15},"end":{"line":87,"column":43}},"38":{"start":{"line":88,"column":4},"end":{"line":88,"column":33}},"39":{"start":{"line":91,"column":23},"end":{"line":112,"column":3}},"40":{"start":{"line":92,"column":4},"end":{"line":94,"column":5}},"41":{"start":{"line":93,"column":6},"end":{"line":93,"column":13}},"42":{"start":{"line":96,"column":22},"end":{"line":96,"column":47}},"43":{"start":{"line":97,"column":22},"end":{"line":97,"column":105}},"44":{"start":{"line":99,"column":19},"end":{"line":99,"column":51}},"45":{"start":{"line":100,"column":20},"end":{"line":100,"column":71}},"46":{"start":{"line":101,"column":21},"end":{"line":101,"column":70}},"47":{"start":{"line":103,"column":4},"end":{"line":111,"column":7}},"48":{"start":{"line":114,"column":2},"end":{"line":174,"column":4}},"49":{"start":{"line":145,"column":29},"end":{"line":145,"column":50}},"50":{"start":{"line":146,"column":29},"end":{"line":146,"column":50}},"51":{"start":{"line":153,"column":29},"end":{"line":153,"column":54}},"52":{"start":{"line":154,"column":29},"end":{"line":154,"column":54}},"53":{"start":{"line":161,"column":29},"end":{"line":161,"column":48}},"54":{"start":{"line":162,"column":29},"end":{"line":162,"column":48}},"55":{"start":{"line":177,"column":15},"end":{"line":229,"column":2}}},"fnMap":{"0":{"name":"(anonymous_0)","decl":{"start":{"line":20,"column":38},"end":{"line":20,"column":39}},"loc":{"start":{"line":20,"column":44},"end":{"line":175,"column":1}},"line":20},"1":{"name":"(anonymous_1)","decl":{"start":{"line":36,"column":27},"end":{"line":36,"column":28}},"loc":{"start":{"line":36,"column":44},"end":{"line":46,"column":3}},"line":36},"2":{"name":"(anonymous_2)","decl":{"start":{"line":48,"column":26},"end":{"line":48,"column":27}},"loc":{"start":{"line":48,"column":32},"end":{"line":57,"column":3}},"line":48},"3":{"name":"(anonymous_3)","decl":{"start":{"line":59,"column":26},"end":{"line":59,"column":27}},"loc":{"start":{"line":59,"column":32},"end":{"line":68,"column":3}},"line":59},"4":{"name":"(anonymous_4)","decl":{"start":{"line":85,"column":24},"end":{"line":85,"column":25}},"loc":{"start":{"line":85,"column":78},"end":{"line":89,"column":3}},"line":85},"5":{"name":"(anonymous_5)","decl":{"start":{"line":91,"column":23},"end":{"line":91,"column":24}},"loc":{"start":{"line":91,"column":29},"end":{"line":112,"column":3}},"line":91},"6":{"name":"(anonymous_6)","decl":{"start":{"line":145,"column":23},"end":{"line":145,"column":24}},"loc":{"start":{"line":145,"column":29},"end":{"line":145,"column":50}},"line":145},"7":{"name":"(anonymous_7)","decl":{"start":{"line":146,"column":23},"end":{"line":146,"column":24}},"loc":{"start":{"line":146,"column":29},"end":{"line":146,"column":50}},"line":146},"8":{"name":"(anonymous_8)","decl":{"start":{"line":153,"column":23},"end":{"line":153,"column":24}},"loc":{"start":{"line":153,"column":29},"end":{"line":153,"column":54}},"line":153},"9":{"name":"(anonymous_9)","decl":{"start":{"line":154,"column":23},"end":{"line":154,"column":24}},"loc":{"start":{"line":154,"column":29},"end":{"line":154,"column":54}},"line":154},"10":{"name":"(anonymous_10)","decl":{"start":{"line":161,"column":23},"end":{"line":161,"column":24}},"loc":{"start":{"line":161,"column":29},"end":{"line":161,"column":48}},"line":161},"11":{"name":"(anonymous_11)","decl":{"start":{"line":162,"column":23},"end":{"line":162,"column":24}},"loc":{"start":{"line":162,"column":29},"end":{"line":162,"column":48}},"line":162}},"branchMap":{"0":{"loc":{"start":{"line":34,"column":4},"end":{"line":34,"column":75}},"type":"binary-expr","locations":[{"start":{"line":34,"column":4},"end":{"line":34,"column":33}},{"start":{"line":34,"column":37},"end":{"line":34,"column":55}},{"start":{"line":34,"column":59},"end":{"line":34,"column":75}}],"line":34},"1":{"loc":{"start":{"line":37,"column":4},"end":{"line":45,"column":5}},"type":"if","locations":[{"start":{"line":37,"column":4},"end":{"line":45,"column":5}},{"start":{"line":40,"column":11},"end":{"line":45,"column":5}}],"line":37},"2":{"loc":{"start":{"line":37,"column":8},"end":{"line":37,"column":70}},"type":"binary-expr","locations":[{"start":{"line":37,"column":8},"end":{"line":37,"column":26}},{"start":{"line":37,"column":31},"end":{"line":37,"column":49}},{"start":{"line":37,"column":53},"end":{"line":37,"column":69}}],"line":37},"3":{"loc":{"start":{"line":40,"column":11},"end":{"line":45,"column":5}},"type":"if","locations":[{"start":{"line":40,"column":11},"end":{"line":45,"column":5}},{"start":{"line":42,"column":11},"end":{"line":45,"column":5}}],"line":40},"4":{"loc":{"start":{"line":49,"column":4},"end":{"line":54,"column":5}},"type":"if","locations":[{"start":{"line":49,"column":4},"end":{"line":54,"column":5}},{"start":{"line":52,"column":11},"end":{"line":54,"column":5}}],"line":49},"5":{"loc":{"start":{"line":60,"column":4},"end":{"line":65,"column":5}},"type":"if","locations":[{"start":{"line":60,"column":4},"end":{"line":65,"column":5}},{"start":{"line":63,"column":11},"end":{"line":65,"column":5}}],"line":60},"6":{"loc":{"start":{"line":92,"column":4},"end":{"line":94,"column":5}},"type":"if","locations":[{"start":{"line":92,"column":4},"end":{"line":94,"column":5}},{"start":{},"end":{}}],"line":92},"7":{"loc":{"start":{"line":92,"column":8},"end":{"line":92,"column":46}},"type":"binary-expr","locations":[{"start":{"line":92,"column":8},"end":{"line":92,"column":26}},{"start":{"line":92,"column":30},"end":{"line":92,"column":46}}],"line":92},"8":{"loc":{"start":{"line":167,"column":39},"end":{"line":167,"column":82}},"type":"binary-expr","locations":[{"start":{"line":167,"column":39},"end":{"line":167,"column":51}},{"start":{"line":167,"column":55},"end":{"line":167,"column":82}}],"line":167}},"s":{"0":4,"1":68,"2":68,"3":68,"4":68,"5":68,"6":68,"7":68,"8":68,"9":68,"10":68,"11":68,"12":68,"13":14,"14":8,"15":8,"16":6,"17":6,"18":0,"19":0,"20":68,"21":0,"22":0,"23":0,"24":0,"25":0,"26":0,"27":68,"28":13,"29":1,"30":1,"31":12,"32":13,"33":13,"34":68,"35":68,"36":10,"37":10,"38":10,"39":68,"40":5,"41":0,"42":5,"43":5,"44":5,"45":5,"46":5,"47":5,"48":68,"49":1,"50":0,"51":1,"52":0,"53":1,"54":0,"55":4},"f":{"0":68,"1":14,"2":0,"3":13,"4":10,"5":5,"6":1,"7":0,"8":1,"9":0,"10":1,"11":0},"b":{"0":[68,20,12],"1":[8,6],"2":[14,6,6],"3":[6,0],"4":[0,0],"5":[1,12],"6":[0,5],"7":[5,5],"8":[68,62]},"_coverageSchema":"1a1c01bbd47fc00a2c39e90264f33305004495a9","hash":"28f9ec847320f043aa809a3411b51bbab2e709da"}
,"/Users/quantumsoft/Downloads/MISO/proyecto-final/miso-travelhub-app/src/screens/UserScreen.tsx": {"path":"/Users/quantumsoft/Downloads/MISO/proyecto-final/miso-travelhub-app/src/screens/UserScreen.tsx","statementMap":{"0":{"start":{"line":6,"column":36},"end":{"line":13,"column":1}},"1":{"start":{"line":7,"column":2},"end":{"line":12,"column":4}},"2":{"start":{"line":15,"column":15},"end":{"line":32,"column":2}}},"fnMap":{"0":{"name":"(anonymous_0)","decl":{"start":{"line":6,"column":36},"end":{"line":6,"column":37}},"loc":{"start":{"line":6,"column":42},"end":{"line":13,"column":1}},"line":6}},"branchMap":{},"s":{"0":3,"1":2,"2":3},"f":{"0":2},"b":{},"_coverageSchema":"1a1c01bbd47fc00a2c39e90264f33305004495a9","hash":"c64e4b3bc437e1e95d3764b003782739c60e50e5"}
,"/Users/quantumsoft/Downloads/MISO/proyecto-final/miso-travelhub-app/src/services/searchApi.ts": {"path":"/Users/quantumsoft/Downloads/MISO/proyecto-final/miso-travelhub-app/src/services/searchApi.ts","statementMap":{"0":{"start":{"line":3,"column":21},"end":{"line":3,"column":48}},"1":{"start":{"line":13,"column":17},"end":{"line":21,"column":1}},"2":{"start":{"line":14,"column":2},"end":{"line":16,"column":3}},"3":{"start":{"line":15,"column":4},"end":{"line":15,"column":17}},"4":{"start":{"line":17,"column":2},"end":{"line":19,"column":3}},"5":{"start":{"line":18,"column":4},"end":{"line":18,"column":25}},"6":{"start":{"line":20,"column":2},"end":{"line":20,"column":18}},"7":{"start":{"line":23,"column":17},"end":{"line":34,"column":1}},"8":{"start":{"line":24,"column":2},"end":{"line":26,"column":3}},"9":{"start":{"line":25,"column":4},"end":{"line":25,"column":17}},"10":{"start":{"line":27,"column":2},"end":{"line":32,"column":3}},"11":{"start":{"line":28,"column":19},"end":{"line":28,"column":32}},"12":{"start":{"line":29,"column":4},"end":{"line":31,"column":5}},"13":{"start":{"line":30,"column":6},"end":{"line":30,"column":20}},"14":{"start":{"line":33,"column":2},"end":{"line":33,"column":18}},"15":{"start":{"line":36,"column":22},"end":{"line":43,"column":1}},"16":{"start":{"line":37,"column":2},"end":{"line":41,"column":3}},"17":{"start":{"line":38,"column":4},"end":{"line":40,"column":39}},"18":{"start":{"line":39,"column":20},"end":{"line":39,"column":66}},"19":{"start":{"line":40,"column":22},"end":{"line":40,"column":37}},"20":{"start":{"line":42,"column":2},"end":{"line":42,"column":12}},"21":{"start":{"line":45,"column":22},"end":{"line":61,"column":2}},"22":{"start":{"line":45,"column":59},"end":{"line":61,"column":1}},"23":{"start":{"line":63,"column":27},"end":{"line":84,"column":1}},"24":{"start":{"line":66,"column":16},"end":{"line":72,"column":4}},"25":{"start":{"line":74,"column":14},"end":{"line":74,"column":71}},"26":{"start":{"line":76,"column":19},"end":{"line":76,"column":35}},"27":{"start":{"line":77,"column":2},"end":{"line":79,"column":3}},"28":{"start":{"line":78,"column":4},"end":{"line":78,"column":72}},"29":{"start":{"line":81,"column":18},"end":{"line":81,"column":39}},"30":{"start":{"line":82,"column":15},"end":{"line":82,"column":52}},"31":{"start":{"line":83,"column":2},"end":{"line":83,"column":63}},"32":{"start":{"line":83,"column":35},"end":{"line":83,"column":61}}},"fnMap":{"0":{"name":"(anonymous_0)","decl":{"start":{"line":13,"column":17},"end":{"line":13,"column":18}},"loc":{"start":{"line":13,"column":60},"end":{"line":21,"column":1}},"line":13},"1":{"name":"(anonymous_1)","decl":{"start":{"line":23,"column":17},"end":{"line":23,"column":18}},"loc":{"start":{"line":23,"column":59},"end":{"line":34,"column":1}},"line":23},"2":{"name":"(anonymous_2)","decl":{"start":{"line":36,"column":22},"end":{"line":36,"column":23}},"loc":{"start":{"line":36,"column":52},"end":{"line":43,"column":1}},"line":36},"3":{"name":"(anonymous_3)","decl":{"start":{"line":39,"column":11},"end":{"line":39,"column":12}},"loc":{"start":{"line":39,"column":20},"end":{"line":39,"column":66}},"line":39},"4":{"name":"(anonymous_4)","decl":{"start":{"line":40,"column":14},"end":{"line":40,"column":15}},"loc":{"start":{"line":40,"column":22},"end":{"line":40,"column":37}},"line":40},"5":{"name":"(anonymous_5)","decl":{"start":{"line":45,"column":22},"end":{"line":45,"column":23}},"loc":{"start":{"line":45,"column":59},"end":{"line":61,"column":1}},"line":45},"6":{"name":"(anonymous_6)","decl":{"start":{"line":63,"column":27},"end":{"line":63,"column":28}},"loc":{"start":{"line":65,"column":22},"end":{"line":84,"column":1}},"line":65},"7":{"name":"(anonymous_7)","decl":{"start":{"line":83,"column":18},"end":{"line":83,"column":19}},"loc":{"start":{"line":83,"column":35},"end":{"line":83,"column":61}},"line":83}},"branchMap":{"0":{"loc":{"start":{"line":13,"column":34},"end":{"line":13,"column":47}},"type":"default-arg","locations":[{"start":{"line":13,"column":45},"end":{"line":13,"column":47}}],"line":13},"1":{"loc":{"start":{"line":14,"column":2},"end":{"line":16,"column":3}},"type":"if","locations":[{"start":{"line":14,"column":2},"end":{"line":16,"column":3}},{"start":{},"end":{}}],"line":14},"2":{"loc":{"start":{"line":17,"column":2},"end":{"line":19,"column":3}},"type":"if","locations":[{"start":{"line":17,"column":2},"end":{"line":19,"column":3}},{"start":{},"end":{}}],"line":17},"3":{"loc":{"start":{"line":17,"column":6},"end":{"line":17,"column":55}},"type":"binary-expr","locations":[{"start":{"line":17,"column":6},"end":{"line":17,"column":31}},{"start":{"line":17,"column":35},"end":{"line":17,"column":55}}],"line":17},"4":{"loc":{"start":{"line":23,"column":34},"end":{"line":23,"column":46}},"type":"default-arg","locations":[{"start":{"line":23,"column":45},"end":{"line":23,"column":46}}],"line":23},"5":{"loc":{"start":{"line":24,"column":2},"end":{"line":26,"column":3}},"type":"if","locations":[{"start":{"line":24,"column":2},"end":{"line":26,"column":3}},{"start":{},"end":{}}],"line":24},"6":{"loc":{"start":{"line":24,"column":6},"end":{"line":24,"column":55}},"type":"binary-expr","locations":[{"start":{"line":24,"column":6},"end":{"line":24,"column":31}},{"start":{"line":24,"column":35},"end":{"line":24,"column":55}}],"line":24},"7":{"loc":{"start":{"line":27,"column":2},"end":{"line":32,"column":3}},"type":"if","locations":[{"start":{"line":27,"column":2},"end":{"line":32,"column":3}},{"start":{},"end":{}}],"line":27},"8":{"loc":{"start":{"line":27,"column":6},"end":{"line":27,"column":51}},"type":"binary-expr","locations":[{"start":{"line":27,"column":6},"end":{"line":27,"column":31}},{"start":{"line":27,"column":35},"end":{"line":27,"column":51}}],"line":27},"9":{"loc":{"start":{"line":29,"column":4},"end":{"line":31,"column":5}},"type":"if","locations":[{"start":{"line":29,"column":4},"end":{"line":31,"column":5}},{"start":{},"end":{}}],"line":29},"10":{"loc":{"start":{"line":37,"column":2},"end":{"line":41,"column":3}},"type":"if","locations":[{"start":{"line":37,"column":2},"end":{"line":41,"column":3}},{"start":{},"end":{}}],"line":37},"11":{"loc":{"start":{"line":39,"column":20},"end":{"line":39,"column":66}},"type":"cond-expr","locations":[{"start":{"line":39,"column":47},"end":{"line":39,"column":51}},{"start":{"line":39,"column":54},"end":{"line":39,"column":66}}],"line":39},"12":{"loc":{"start":{"line":77,"column":2},"end":{"line":79,"column":3}},"type":"if","locations":[{"start":{"line":77,"column":2},"end":{"line":79,"column":3}},{"start":{},"end":{}}],"line":77},"13":{"loc":{"start":{"line":82,"column":15},"end":{"line":82,"column":52}},"type":"cond-expr","locations":[{"start":{"line":82,"column":40},"end":{"line":82,"column":47}},{"start":{"line":82,"column":50},"end":{"line":82,"column":52}}],"line":82}},"s":{"0":5,"1":5,"2":266,"3":178,"4":88,"5":1,"6":87,"7":5,"8":190,"9":125,"10":65,"11":2,"12":2,"13":1,"14":64,"15":5,"16":114,"17":77,"18":94,"19":94,"20":37,"21":5,"22":38,"23":5,"24":39,"25":39,"26":39,"27":35,"28":3,"29":32,"30":32,"31":32,"32":38},"f":{"0":266,"1":190,"2":114,"3":94,"4":94,"5":38,"6":39,"7":38},"b":{"0":[190],"1":[178,88],"2":[1,87],"3":[88,1],"4":[190],"5":[125,65],"6":[190,126],"7":[2,63],"8":[65,3],"9":[1,1],"10":[77,37],"11":[92,2],"12":[3,32],"13":[30,2]},"_coverageSchema":"1a1c01bbd47fc00a2c39e90264f33305004495a9","hash":"4bf80e612a8bf8eacd0d0731ca36603f9ae7e8bb"}
,"/Users/quantumsoft/Downloads/MISO/proyecto-final/miso-travelhub-app/src/theme/colors.ts": {"path":"/Users/quantumsoft/Downloads/MISO/proyecto-final/miso-travelhub-app/src/theme/colors.ts","statementMap":{"0":{"start":{"line":1,"column":22},"end":{"line":14,"column":1}}},"fnMap":{},"branchMap":{},"s":{"0":11},"f":{},"b":{},"_coverageSchema":"1a1c01bbd47fc00a2c39e90264f33305004495a9","hash":"738511c02a7dfd4e9bd8899fda9eae9d5ab2bcbc"}
}
