{"/Users/quantumsoft/Downloads/MISO/proyecto-final/miso-travelhub-app/App.tsx": {"path":"/Users/quantumsoft/Downloads/MISO/proyecto-final/miso-travelhub-app/App.tsx","statementMap":{"0":{"start":{"line":8,"column":2},"end":{"line":15,"column":4}}},"fnMap":{"0":{"name":"App","decl":{"start":{"line":7,"column":9},"end":{"line":7,"column":12}},"loc":{"start":{"line":7,"column":15},"end":{"line":16,"column":1}},"line":7}},"branchMap":{},"s":{"0":1},"f":{"0":1},"b":{},"_coverageSchema":"1a1c01bbd47fc00a2c39e90264f33305004495a9","hash":"4e06b443759daf0e5bda3afb08b5b7fbb1bbbfd4"}
,"/Users/quantumsoft/Downloads/MISO/proyecto-final/miso-travelhub-app/src/components/AccommodationCard.tsx": {"path":"/Users/quantumsoft/Downloads/MISO/proyecto-final/miso-travelhub-app/src/components/AccommodationCard.tsx","statementMap":{"0":{"start":{"line":10,"column":20},"end":{"line":12,"column":1}},"1":{"start":{"line":11,"column":2},"end":{"line":11,"column":39}},"2":{"start":{"line":14,"column":47},"end":{"line":26,"column":1}},"3":{"start":{"line":15,"column":16},"end":{"line":15,"column":18}},"4":{"start":{"line":16,"column":2},"end":{"line":24,"column":3}},"5":{"start":{"line":16,"column":15},"end":{"line":16,"column":16}},"6":{"start":{"line":17,"column":4},"end":{"line":23,"column":6}},"7":{"start":{"line":25,"column":2},"end":{"line":25,"column":60}},"8":{"start":{"line":28,"column":67},"end":{"line":47,"column":1}},"9":{"start":{"line":31,"column":2},"end":{"line":46,"column":4}},"10":{"start":{"line":49,"column":15},"end":{"line":99,"column":2}}},"fnMap":{"0":{"name":"(anonymous_0)","decl":{"start":{"line":10,"column":20},"end":{"line":10,"column":21}},"loc":{"start":{"line":10,"column":47},"end":{"line":12,"column":1}},"line":10},"1":{"name":"(anonymous_1)","decl":{"start":{"line":14,"column":47},"end":{"line":14,"column":48}},"loc":{"start":{"line":14,"column":61},"end":{"line":26,"column":1}},"line":14},"2":{"name":"(anonymous_2)","decl":{"start":{"line":28,"column":67},"end":{"line":28,"column":68}},"loc":{"start":{"line":30,"column":6},"end":{"line":47,"column":1}},"line":30}},"branchMap":{"0":{"loc":{"start":{"line":20,"column":29},"end":{"line":20,"column":79}},"type":"cond-expr","locations":[{"start":{"line":20,"column":43},"end":{"line":20,"column":60}},{"start":{"line":20,"column":63},"end":{"line":20,"column":79}}],"line":20}},"s":{"0":3,"1":77,"2":3,"3":77,"4":77,"5":77,"6":385,"7":77,"8":3,"9":77,"10":3},"f":{"0":77,"1":77,"2":77},"b":{"0":[326,59]},"_coverageSchema":"1a1c01bbd47fc00a2c39e90264f33305004495a9","hash":"3f98a3a2e3b488c44cdc6900599ed74ebafaee39"}
,"/Users/quantumsoft/Downloads/MISO/proyecto-final/miso-travelhub-app/src/components/Calendar.tsx": {"path":"/Users/quantumsoft/Downloads/MISO/proyecto-final/miso-travelhub-app/src/components/Calendar.tsx","statementMap":{"0":{"start":{"line":15,"column":20},"end":{"line":28,"column":1}},"1":{"start":{"line":30,"column":18},"end":{"line":30,"column":67}},"2":{"start":{"line":32,"column":49},"end":{"line":123,"column":1}},"3":{"start":{"line":41,"column":22},"end":{"line":41,"column":60}},"4":{"start":{"line":42,"column":25},"end":{"line":42,"column":58}},"5":{"start":{"line":44,"column":20},"end":{"line":49,"column":3}},"6":{"start":{"line":45,"column":4},"end":{"line":47,"column":5}},"7":{"start":{"line":46,"column":6},"end":{"line":46,"column":19}},"8":{"start":{"line":48,"column":4},"end":{"line":48,"column":46}},"9":{"start":{"line":51,"column":23},"end":{"line":53,"column":3}},"10":{"start":{"line":52,"column":4},"end":{"line":52,"column":48}},"11":{"start":{"line":55,"column":21},"end":{"line":98,"column":3}},"12":{"start":{"line":56,"column":36},"end":{"line":56,"column":38}},"13":{"start":{"line":57,"column":35},"end":{"line":57,"column":37}},"14":{"start":{"line":59,"column":4},"end":{"line":61,"column":5}},"15":{"start":{"line":59,"column":17},"end":{"line":59,"column":18}},"16":{"start":{"line":60,"column":6},"end":{"line":60,"column":69}},"17":{"start":{"line":63,"column":4},"end":{"line":95,"column":5}},"18":{"start":{"line":63,"column":19},"end":{"line":63,"column":20}},"19":{"start":{"line":64,"column":22},"end":{"line":64,"column":36}},"20":{"start":{"line":65,"column":21},"end":{"line":65,"column":38}},"21":{"start":{"line":67,"column":6},"end":{"line":85,"column":8}},"22":{"start":{"line":75,"column":25},"end":{"line":75,"column":42}},"23":{"start":{"line":87,"column":6},"end":{"line":94,"column":7}},"24":{"start":{"line":88,"column":8},"end":{"line":92,"column":10}},"25":{"start":{"line":93,"column":8},"end":{"line":93,"column":19}},"26":{"start":{"line":97,"column":4},"end":{"line":97,"column":16}},"27":{"start":{"line":100,"column":2},"end":{"line":122,"column":4}},"28":{"start":{"line":115,"column":10},"end":{"line":117,"column":17}},"29":{"start":{"line":125,"column":15},"end":{"line":180,"column":2}}},"fnMap":{"0":{"name":"(anonymous_0)","decl":{"start":{"line":32,"column":49},"end":{"line":32,"column":50}},"loc":{"start":{"line":40,"column":6},"end":{"line":123,"column":1}},"line":40},"1":{"name":"(anonymous_1)","decl":{"start":{"line":44,"column":20},"end":{"line":44,"column":21}},"loc":{"start":{"line":44,"column":46},"end":{"line":49,"column":3}},"line":44},"2":{"name":"(anonymous_2)","decl":{"start":{"line":51,"column":23},"end":{"line":51,"column":24}},"loc":{"start":{"line":51,"column":49},"end":{"line":53,"column":3}},"line":51},"3":{"name":"(anonymous_3)","decl":{"start":{"line":55,"column":21},"end":{"line":55,"column":22}},"loc":{"start":{"line":55,"column":27},"end":{"line":98,"column":3}},"line":55},"4":{"name":"(anonymous_4)","decl":{"start":{"line":75,"column":19},"end":{"line":75,"column":20}},"loc":{"start":{"line":75,"column":25},"end":{"line":75,"column":42}},"line":75},"5":{"name":"(anonymous_5)","decl":{"start":{"line":114,"column":23},"end":{"line":114,"column":24}},"loc":{"start":{"line":115,"column":10},"end":{"line":117,"column":17}},"line":115}},"branchMap":{"0":{"loc":{"start":{"line":45,"column":4},"end":{"line":47,"column":5}},"type":"if","locations":[{"start":{"line":45,"column":4},"end":{"line":47,"column":5}},{"start":{},"end":{}}],"line":45},"1":{"loc":{"start":{"line":45,"column":8},"end":{"line":45,"column":46}},"type":"binary-expr","locations":[{"start":{"line":45,"column":8},"end":{"line":45,"column":26}},{"start":{"line":45,"column":30},"end":{"line":45,"column":46}}],"line":45},"2":{"loc":{"start":{"line":48,"column":11},"end":{"line":48,"column":45}},"type":"binary-expr","locations":[{"start":{"line":48,"column":11},"end":{"line":48,"column":27}},{"start":{"line":48,"column":31},"end":{"line":48,"column":45}}],"line":48},"3":{"loc":{"start":{"line":52,"column":11},"end":{"line":52,"column":47}},"type":"binary-expr","locations":[{"start":{"line":52,"column":11},"end":{"line":52,"column":28}},{"start":{"line":52,"column":32},"end":{"line":52,"column":47}}],"line":52},"4":{"loc":{"start":{"line":72,"column":12},"end":{"line":72,"column":40}},"type":"binary-expr","locations":[{"start":{"line":72,"column":12},"end":{"line":72,"column":19}},{"start":{"line":72,"column":23},"end":{"line":72,"column":40}}],"line":72},"5":{"loc":{"start":{"line":73,"column":12},"end":{"line":73,"column":36}},"type":"binary-expr","locations":[{"start":{"line":73,"column":12},"end":{"line":73,"column":18}},{"start":{"line":73,"column":22},"end":{"line":73,"column":36}}],"line":73},"6":{"loc":{"start":{"line":79,"column":14},"end":{"line":79,"column":46}},"type":"binary-expr","locations":[{"start":{"line":79,"column":14},"end":{"line":79,"column":21}},{"start":{"line":79,"column":25},"end":{"line":79,"column":46}}],"line":79},"7":{"loc":{"start":{"line":80,"column":14},"end":{"line":80,"column":42}},"type":"binary-expr","locations":[{"start":{"line":80,"column":14},"end":{"line":80,"column":20}},{"start":{"line":80,"column":24},"end":{"line":80,"column":42}}],"line":80},"8":{"loc":{"start":{"line":87,"column":6},"end":{"line":94,"column":7}},"type":"if","locations":[{"start":{"line":87,"column":6},"end":{"line":94,"column":7}},{"start":{},"end":{}}],"line":87},"9":{"loc":{"start":{"line":87,"column":10},"end":{"line":87,"column":65}},"type":"binary-expr","locations":[{"start":{"line":87,"column":10},"end":{"line":87,"column":42}},{"start":{"line":87,"column":46},"end":{"line":87,"column":65}}],"line":87}},"s":{"0":3,"1":3,"2":3,"3":69,"4":69,"5":69,"6":2113,"7":1338,"8":775,"9":69,"10":2113,"11":69,"12":69,"13":69,"14":69,"15":69,"16":113,"17":69,"18":69,"19":2113,"20":2113,"21":2113,"22":6,"23":2113,"24":347,"25":347,"26":69,"27":69,"28":483,"29":3},"f":{"0":69,"1":2113,"2":2113,"3":69,"4":6,"5":483},"b":{"0":[1338,775],"1":[2113,930],"2":[775,348],"3":[2113,2083],"4":[2113,127],"5":[2113,55],"6":[2113,127],"7":[2113,55],"8":[347,1766],"9":[2113,1819]},"_coverageSchema":"1a1c01bbd47fc00a2c39e90264f33305004495a9","hash":"0781c39458d65158b87950281996d249cebd559a"}
,"/Users/quantumsoft/Downloads/MISO/proyecto-final/miso-travelhub-app/src/components/CounterInput.tsx": {"path":"/Users/quantumsoft/Downloads/MISO/proyecto-final/miso-travelhub-app/src/components/CounterInput.tsx","statementMap":{"0":{"start":{"line":14,"column":57},"end":{"line":44,"column":1}},"1":{"start":{"line":21,"column":2},"end":{"line":43,"column":4}},"2":{"start":{"line":46,"column":15},"end":{"line":86,"column":2}}},"fnMap":{"0":{"name":"(anonymous_0)","decl":{"start":{"line":14,"column":57},"end":{"line":14,"column":58}},"loc":{"start":{"line":20,"column":6},"end":{"line":44,"column":1}},"line":20}},"branchMap":{"0":{"loc":{"start":{"line":17,"column":2},"end":{"line":17,"column":9}},"type":"default-arg","locations":[{"start":{"line":17,"column":8},"end":{"line":17,"column":9}}],"line":17},"1":{"loc":{"start":{"line":26,"column":33},"end":{"line":26,"column":70}},"type":"binary-expr","locations":[{"start":{"line":26,"column":33},"end":{"line":26,"column":45}},{"start":{"line":26,"column":49},"end":{"line":26,"column":70}}],"line":26},"2":{"loc":{"start":{"line":32,"column":14},"end":{"line":32,"column":55}},"type":"binary-expr","locations":[{"start":{"line":32,"column":14},"end":{"line":32,"column":26}},{"start":{"line":32,"column":30},"end":{"line":32,"column":55}}],"line":32}},"s":{"0":3,"1":104,"2":3},"f":{"0":104},"b":{"0":[1],"1":[104,51],"2":[104,51]},"_coverageSchema":"1a1c01bbd47fc00a2c39e90264f33305004495a9","hash":"4ccb22ee81d4f8fc49ed7626a629cbe89e62a250"}
,"/Users/quantumsoft/Downloads/MISO/proyecto-final/miso-travelhub-app/src/data/mockData.ts": {"path":"/Users/quantumsoft/Downloads/MISO/proyecto-final/miso-travelhub-app/src/data/mockData.ts","statementMap":{"0":{"start":{"line":10,"column":51},"end":{"line":155,"column":1}}},"fnMap":{},"branchMap":{},"s":{"0":3},"f":{},"b":{},"_coverageSchema":"1a1c01bbd47fc00a2c39e90264f33305004495a9","hash":"d1a8623a8652214ae7d4a132768f8e4df3aa1f08"}
,"/Users/quantumsoft/Downloads/MISO/proyecto-final/miso-travelhub-app/src/navigation/AppNavigator.tsx": {"path":"/Users/quantumsoft/Downloads/MISO/proyecto-final/miso-travelhub-app/src/navigation/AppNavigator.tsx","statementMap":{"0":{"start":{"line":9,"column":12},"end":{"line":9,"column":38}},"1":{"start":{"line":11,"column":38},"end":{"line":59,"column":1}},"2":{"start":{"line":12,"column":2},"end":{"line":58,"column":4}},"3":{"start":{"line":35,"column":12},"end":{"line":35,"column":68}},"4":{"start":{"line":44,"column":12},"end":{"line":44,"column":70}},"5":{"start":{"line":53,"column":12},"end":{"line":53,"column":68}}},"fnMap":{"0":{"name":"(anonymous_0)","decl":{"start":{"line":11,"column":38},"end":{"line":11,"column":39}},"loc":{"start":{"line":11,"column":44},"end":{"line":59,"column":1}},"line":11},"1":{"name":"(anonymous_1)","decl":{"start":{"line":34,"column":22},"end":{"line":34,"column":23}},"loc":{"start":{"line":35,"column":12},"end":{"line":35,"column":68}},"line":35},"2":{"name":"(anonymous_2)","decl":{"start":{"line":43,"column":22},"end":{"line":43,"column":23}},"loc":{"start":{"line":44,"column":12},"end":{"line":44,"column":70}},"line":44},"3":{"name":"(anonymous_3)","decl":{"start":{"line":52,"column":22},"end":{"line":52,"column":23}},"loc":{"start":{"line":53,"column":12},"end":{"line":53,"column":68}},"line":53}},"branchMap":{},"s":{"0":1,"1":1,"2":1,"3":0,"4":0,"5":0},"f":{"0":1,"1":0,"2":0,"3":0},"b":{},"_coverageSchema":"1a1c01bbd47fc00a2c39e90264f33305004495a9","hash":"b815f6748d27963b5bd1f1ce8b98088391731d16"}
,"/Users/quantumsoft/Downloads/MISO/proyecto-final/miso-travelhub-app/src/navigation/SearchStackNavigator.tsx": {"path":"/Users/quantumsoft/Downloads/MISO/proyecto-final/miso-travelhub-app/src/navigation/SearchStackNavigator.tsx","statementMap":{"0":{"start":{"line":16,"column":14},"end":{"line":16,"column":64}},"1":{"start":{"line":18,"column":46},"end":{"line":25,"column":1}},"2":{"start":{"line":19,"column":2},"end":{"line":24,"column":4}}},"fnMap":{"0":{"name":"(anonymous_0)","decl":{"start":{"line":18,"column":46},"end":{"line":18,"column":47}},"loc":{"start":{"line":18,"column":52},"end":{"line":25,"column":1}},"line":18}},"branchMap":{},"s":{"0":1,"1":1,"2":0},"f":{"0":0},"b":{},"_coverageSchema":"1a1c01bbd47fc00a2c39e90264f33305004495a9","hash":"b51d14e04b3995b163bb6ae6ae6ecea34120262c"}
,"/Users/quantumsoft/Downloads/MISO/proyecto-final/miso-travelhub-app/src/screens/ReservationsScreen.tsx": {"path":"/Users/quantumsoft/Downloads/MISO/proyecto-final/miso-travelhub-app/src/screens/ReservationsScreen.tsx","statementMap":{"0":{"start":{"line":5,"column":44},"end":{"line":12,"column":1}},"1":{"start":{"line":6,"column":2},"end":{"line":11,"column":4}},"2":{"start":{"line":14,"column":15},"end":{"line":31,"column":2}}},"fnMap":{"0":{"name":"(anonymous_0)","decl":{"start":{"line":5,"column":44},"end":{"line":5,"column":45}},"loc":{"start":{"line":5,"column":50},"end":{"line":12,"column":1}},"line":5}},"branchMap":{},"s":{"0":2,"1":2,"2":2},"f":{"0":2},"b":{},"_coverageSchema":"1a1c01bbd47fc00a2c39e90264f33305004495a9","hash":"dff4c21f4b498560030df460f70e4559af7377a4"}
,"/Users/quantumsoft/Downloads/MISO/proyecto-final/miso-travelhub-app/src/screens/ResultsScreen.tsx": {"path":"/Users/quantumsoft/Downloads/MISO/proyecto-final/miso-travelhub-app/src/screens/ResultsScreen.tsx","statementMap":{"0":{"start":{"line":12,"column":39},"end":{"line":54,"column":1}},"1":{"start":{"line":13,"column":16},"end":{"line":13,"column":44}},"2":{"start":{"line":14,"column":21},"end":{"line":14,"column":36}},"3":{"start":{"line":15,"column":43},"end":{"line":15,"column":55}},"4":{"start":{"line":17,"column":2},"end":{"line":53,"column":4}},"5":{"start":{"line":40,"column":25},"end":{"line":40,"column":44}},"6":{"start":{"line":47,"column":30},"end":{"line":47,"column":37}},"7":{"start":{"line":48,"column":32},"end":{"line":48,"column":74}},"8":{"start":{"line":56,"column":15},"end":{"line":100,"column":2}}},"fnMap":{"0":{"name":"(anonymous_0)","decl":{"start":{"line":12,"column":39},"end":{"line":12,"column":40}},"loc":{"start":{"line":12,"column":45},"end":{"line":54,"column":1}},"line":12},"1":{"name":"(anonymous_1)","decl":{"start":{"line":40,"column":19},"end":{"line":40,"column":20}},"loc":{"start":{"line":40,"column":25},"end":{"line":40,"column":44}},"line":40},"2":{"name":"(anonymous_2)","decl":{"start":{"line":47,"column":22},"end":{"line":47,"column":23}},"loc":{"start":{"line":47,"column":30},"end":{"line":47,"column":37}},"line":47},"3":{"name":"(anonymous_3)","decl":{"start":{"line":48,"column":20},"end":{"line":48,"column":21}},"loc":{"start":{"line":48,"column":32},"end":{"line":48,"column":74}},"line":48}},"branchMap":{},"s":{"0":2,"1":7,"2":7,"3":7,"4":7,"5":1,"6":98,"7":70,"8":2},"f":{"0":7,"1":1,"2":98,"3":70},"b":{},"_coverageSchema":"1a1c01bbd47fc00a2c39e90264f33305004495a9","hash":"973909214816689205d6da612835526900c072b2"}
,"/Users/quantumsoft/Downloads/MISO/proyecto-final/miso-travelhub-app/src/screens/SearchScreen.tsx": {"path":"/Users/quantumsoft/Downloads/MISO/proyecto-final/miso-travelhub-app/src/screens/SearchScreen.tsx","statementMap":{"0":{"start":{"line":19,"column":38},"end":{"line":142,"column":1}},"1":{"start":{"line":20,"column":21},"end":{"line":20,"column":52}},"2":{"start":{"line":22,"column":16},"end":{"line":22,"column":26}},"3":{"start":{"line":23,"column":40},"end":{"line":23,"column":71}},"4":{"start":{"line":24,"column":42},"end":{"line":24,"column":68}},"5":{"start":{"line":25,"column":40},"end":{"line":25,"column":69}},"6":{"start":{"line":26,"column":36},"end":{"line":26,"column":63}},"7":{"start":{"line":27,"column":32},"end":{"line":27,"column":59}},"8":{"start":{"line":28,"column":30},"end":{"line":28,"column":41}},"9":{"start":{"line":29,"column":34},"end":{"line":29,"column":45}},"10":{"start":{"line":31,"column":27},"end":{"line":41,"column":3}},"11":{"start":{"line":32,"column":4},"end":{"line":40,"column":5}},"12":{"start":{"line":33,"column":6},"end":{"line":33,"column":24}},"13":{"start":{"line":34,"column":6},"end":{"line":34,"column":23}},"14":{"start":{"line":35,"column":11},"end":{"line":40,"column":5}},"15":{"start":{"line":36,"column":6},"end":{"line":36,"column":22}},"16":{"start":{"line":38,"column":6},"end":{"line":38,"column":24}},"17":{"start":{"line":39,"column":6},"end":{"line":39,"column":23}},"18":{"start":{"line":43,"column":26},"end":{"line":52,"column":3}},"19":{"start":{"line":44,"column":4},"end":{"line":49,"column":5}},"20":{"start":{"line":45,"column":6},"end":{"line":45,"column":26}},"21":{"start":{"line":46,"column":6},"end":{"line":46,"column":38}},"22":{"start":{"line":48,"column":6},"end":{"line":48,"column":40}},"23":{"start":{"line":50,"column":4},"end":{"line":50,"column":23}},"24":{"start":{"line":51,"column":4},"end":{"line":51,"column":21}},"25":{"start":{"line":54,"column":26},"end":{"line":63,"column":3}},"26":{"start":{"line":55,"column":4},"end":{"line":60,"column":5}},"27":{"start":{"line":56,"column":6},"end":{"line":56,"column":25}},"28":{"start":{"line":57,"column":6},"end":{"line":57,"column":38}},"29":{"start":{"line":59,"column":6},"end":{"line":59,"column":40}},"30":{"start":{"line":61,"column":4},"end":{"line":61,"column":23}},"31":{"start":{"line":62,"column":4},"end":{"line":62,"column":21}},"32":{"start":{"line":65,"column":22},"end":{"line":78,"column":3}},"33":{"start":{"line":80,"column":23},"end":{"line":93,"column":3}},"34":{"start":{"line":81,"column":22},"end":{"line":81,"column":47}},"35":{"start":{"line":83,"column":6},"end":{"line":85,"column":12}},"36":{"start":{"line":87,"column":4},"end":{"line":92,"column":7}},"37":{"start":{"line":95,"column":2},"end":{"line":141,"column":4}},"38":{"start":{"line":125,"column":27},"end":{"line":125,"column":48}},"39":{"start":{"line":126,"column":27},"end":{"line":126,"column":48}},"40":{"start":{"line":133,"column":27},"end":{"line":133,"column":52}},"41":{"start":{"line":134,"column":27},"end":{"line":134,"column":52}},"42":{"start":{"line":144,"column":15},"end":{"line":189,"column":2}}},"fnMap":{"0":{"name":"(anonymous_0)","decl":{"start":{"line":19,"column":38},"end":{"line":19,"column":39}},"loc":{"start":{"line":19,"column":44},"end":{"line":142,"column":1}},"line":19},"1":{"name":"(anonymous_1)","decl":{"start":{"line":31,"column":27},"end":{"line":31,"column":28}},"loc":{"start":{"line":31,"column":44},"end":{"line":41,"column":3}},"line":31},"2":{"name":"(anonymous_2)","decl":{"start":{"line":43,"column":26},"end":{"line":43,"column":27}},"loc":{"start":{"line":43,"column":32},"end":{"line":52,"column":3}},"line":43},"3":{"name":"(anonymous_3)","decl":{"start":{"line":54,"column":26},"end":{"line":54,"column":27}},"loc":{"start":{"line":54,"column":32},"end":{"line":63,"column":3}},"line":54},"4":{"name":"(anonymous_4)","decl":{"start":{"line":80,"column":23},"end":{"line":80,"column":24}},"loc":{"start":{"line":80,"column":29},"end":{"line":93,"column":3}},"line":80},"5":{"name":"(anonymous_5)","decl":{"start":{"line":125,"column":21},"end":{"line":125,"column":22}},"loc":{"start":{"line":125,"column":27},"end":{"line":125,"column":48}},"line":125},"6":{"name":"(anonymous_6)","decl":{"start":{"line":126,"column":21},"end":{"line":126,"column":22}},"loc":{"start":{"line":126,"column":27},"end":{"line":126,"column":48}},"line":126},"7":{"name":"(anonymous_7)","decl":{"start":{"line":133,"column":21},"end":{"line":133,"column":22}},"loc":{"start":{"line":133,"column":27},"end":{"line":133,"column":52}},"line":133},"8":{"name":"(anonymous_8)","decl":{"start":{"line":134,"column":21},"end":{"line":134,"column":22}},"loc":{"start":{"line":134,"column":27},"end":{"line":134,"column":52}},"line":134}},"branchMap":{"0":{"loc":{"start":{"line":32,"column":4},"end":{"line":40,"column":5}},"type":"if","locations":[{"start":{"line":32,"column":4},"end":{"line":40,"column":5}},{"start":{"line":35,"column":11},"end":{"line":40,"column":5}}],"line":32},"1":{"loc":{"start":{"line":32,"column":8},"end":{"line":32,"column":70}},"type":"binary-expr","locations":[{"start":{"line":32,"column":8},"end":{"line":32,"column":26}},{"start":{"line":32,"column":31},"end":{"line":32,"column":49}},{"start":{"line":32,"column":53},"end":{"line":32,"column":69}}],"line":32},"2":{"loc":{"start":{"line":35,"column":11},"end":{"line":40,"column":5}},"type":"if","locations":[{"start":{"line":35,"column":11},"end":{"line":40,"column":5}},{"start":{"line":37,"column":11},"end":{"line":40,"column":5}}],"line":35},"3":{"loc":{"start":{"line":44,"column":4},"end":{"line":49,"column":5}},"type":"if","locations":[{"start":{"line":44,"column":4},"end":{"line":49,"column":5}},{"start":{"line":47,"column":11},"end":{"line":49,"column":5}}],"line":44},"4":{"loc":{"start":{"line":55,"column":4},"end":{"line":60,"column":5}},"type":"if","locations":[{"start":{"line":55,"column":4},"end":{"line":60,"column":5}},{"start":{"line":58,"column":11},"end":{"line":60,"column":5}}],"line":55},"5":{"loc":{"start":{"line":83,"column":6},"end":{"line":85,"column":12}},"type":"cond-expr","locations":[{"start":{"line":84,"column":10},"end":{"line":84,"column":93}},{"start":{"line":85,"column":10},"end":{"line":85,"column":12}}],"line":83},"6":{"loc":{"start":{"line":83,"column":6},"end":{"line":83,"column":26}},"type":"binary-expr","locations":[{"start":{"line":83,"column":6},"end":{"line":83,"column":15}},{"start":{"line":83,"column":19},"end":{"line":83,"column":26}}],"line":83}},"s":{"0":2,"1":48,"2":48,"3":48,"4":48,"5":48,"6":48,"7":48,"8":48,"9":48,"10":48,"11":5,"12":3,"13":3,"14":2,"15":1,"16":1,"17":1,"18":48,"19":7,"20":1,"21":1,"22":6,"23":7,"24":7,"25":48,"26":13,"27":1,"28":1,"29":12,"30":13,"31":13,"32":48,"33":48,"34":2,"35":2,"36":2,"37":48,"38":1,"39":1,"40":1,"41":0,"42":2},"f":{"0":48,"1":5,"2":7,"3":13,"4":2,"5":1,"6":1,"7":1,"8":0},"b":{"0":[3,2],"1":[5,5,5],"2":[1,1],"3":[1,6],"4":[1,12],"5":[2,0],"6":[2,2]},"_coverageSchema":"1a1c01bbd47fc00a2c39e90264f33305004495a9","hash":"5753688be8146dd6fe9845507f2608115a74a0e9"}
,"/Users/quantumsoft/Downloads/MISO/proyecto-final/miso-travelhub-app/src/screens/UserScreen.tsx": {"path":"/Users/quantumsoft/Downloads/MISO/proyecto-final/miso-travelhub-app/src/screens/UserScreen.tsx","statementMap":{"0":{"start":{"line":5,"column":36},"end":{"line":12,"column":1}},"1":{"start":{"line":6,"column":2},"end":{"line":11,"column":4}},"2":{"start":{"line":14,"column":15},"end":{"line":31,"column":2}}},"fnMap":{"0":{"name":"(anonymous_0)","decl":{"start":{"line":5,"column":36},"end":{"line":5,"column":37}},"loc":{"start":{"line":5,"column":42},"end":{"line":12,"column":1}},"line":5}},"branchMap":{},"s":{"0":2,"1":2,"2":2},"f":{"0":2},"b":{},"_coverageSchema":"1a1c01bbd47fc00a2c39e90264f33305004495a9","hash":"5d6ea4ec684b206b8ce7e29dbd0a5ec608c62469"}
,"/Users/quantumsoft/Downloads/MISO/proyecto-final/miso-travelhub-app/src/theme/colors.ts": {"path":"/Users/quantumsoft/Downloads/MISO/proyecto-final/miso-travelhub-app/src/theme/colors.ts","statementMap":{"0":{"start":{"line":1,"column":22},"end":{"line":14,"column":1}}},"fnMap":{},"branchMap":{},"s":{"0":9},"f":{},"b":{},"_coverageSchema":"1a1c01bbd47fc00a2c39e90264f33305004495a9","hash":"738511c02a7dfd4e9bd8899fda9eae9d5ab2bcbc"}
}
