TN:
SF:App.tsx
FN:7,App
FNF:1
FNH:1
FNDA:1,App
DA:8,1
LF:1
LH:1
BRF:0
BRH:0
end_of_record
TN:
SF:src/components/AccommodationCard.tsx
FN:10,(anonymous_0)
FN:14,(anonymous_1)
FN:28,(anonymous_2)
FNF:3
FNH:3
FNDA:77,(anonymous_0)
FNDA:77,(anonymous_1)
FNDA:77,(anonymous_2)
DA:10,3
DA:11,77
DA:14,3
DA:15,77
DA:16,77
DA:17,385
DA:25,77
DA:28,3
DA:31,77
DA:49,3
LF:10
LH:10
BRDA:20,0,0,326
BRDA:20,0,1,59
BRF:2
BRH:2
end_of_record
TN:
SF:src/components/Calendar.tsx
FN:32,(anonymous_0)
FN:44,(anonymous_1)
FN:51,(anonymous_2)
FN:55,(anonymous_3)
FN:75,(anonymous_4)
FN:114,(anonymous_5)
FNF:6
FNH:6
FNDA:69,(anonymous_0)
FNDA:2113,(anonymous_1)
FNDA:2113,(anonymous_2)
FNDA:69,(anonymous_3)
FNDA:6,(anonymous_4)
FNDA:483,(anonymous_5)
DA:15,3
DA:30,3
DA:32,3
DA:41,69
DA:42,69
DA:44,69
DA:45,2113
DA:46,1338
DA:48,775
DA:51,69
DA:52,2113
DA:55,69
DA:56,69
DA:57,69
DA:59,69
DA:60,113
DA:63,69
DA:64,2113
DA:65,2113
DA:67,2113
DA:75,6
DA:87,2113
DA:88,347
DA:93,347
DA:97,69
DA:100,69
DA:115,483
DA:125,3
LF:28
LH:28
BRDA:45,0,0,1338
BRDA:45,0,1,775
BRDA:45,1,0,2113
BRDA:45,1,1,930
BRDA:48,2,0,775
BRDA:48,2,1,348
BRDA:52,3,0,2113
BRDA:52,3,1,2083
BRDA:72,4,0,2113
BRDA:72,4,1,127
BRDA:73,5,0,2113
BRDA:73,5,1,55
BRDA:79,6,0,2113
BRDA:79,6,1,127
BRDA:80,7,0,2113
BRDA:80,7,1,55
BRDA:87,8,0,347
BRDA:87,8,1,1766
BRDA:87,9,0,2113
BRDA:87,9,1,1819
BRF:20
BRH:20
end_of_record
TN:
SF:src/components/CounterInput.tsx
FN:14,(anonymous_0)
FNF:1
FNH:1
FNDA:104,(anonymous_0)
DA:14,3
DA:21,104
DA:46,3
LF:3
LH:3
BRDA:17,0,0,1
BRDA:26,1,0,104
BRDA:26,1,1,51
BRDA:32,2,0,104
BRDA:32,2,1,51
BRF:5
BRH:5
end_of_record
TN:
SF:src/data/mockData.ts
FNF:0
FNH:0
DA:10,3
LF:1
LH:1
BRF:0
BRH:0
end_of_record
TN:
SF:src/navigation/AppNavigator.tsx
FN:11,(anonymous_0)
FN:34,(anonymous_1)
FN:43,(anonymous_2)
FN:52,(anonymous_3)
FNF:4
FNH:1
FNDA:1,(anonymous_0)
FNDA:0,(anonymous_1)
FNDA:0,(anonymous_2)
FNDA:0,(anonymous_3)
DA:9,1
DA:11,1
DA:12,1
DA:35,0
DA:44,0
DA:53,0
LF:6
LH:3
BRF:0
BRH:0
end_of_record
TN:
SF:src/navigation/SearchStackNavigator.tsx
FN:18,(anonymous_0)
FNF:1
FNH:0
FNDA:0,(anonymous_0)
DA:16,1
DA:18,1
DA:19,0
LF:3
LH:2
BRF:0
BRH:0
end_of_record
TN:
SF:src/screens/ReservationsScreen.tsx
FN:5,(anonymous_0)
FNF:1
FNH:1
FNDA:2,(anonymous_0)
DA:5,2
DA:6,2
DA:14,2
LF:3
LH:3
BRF:0
BRH:0
end_of_record
TN:
SF:src/screens/ResultsScreen.tsx
FN:12,(anonymous_0)
FN:40,(anonymous_1)
FN:47,(anonymous_2)
FN:48,(anonymous_3)
FNF:4
FNH:4
FNDA:7,(anonymous_0)
FNDA:1,(anonymous_1)
FNDA:98,(anonymous_2)
FNDA:70,(anonymous_3)
DA:12,2
DA:13,7
DA:14,7
DA:15,7
DA:17,7
DA:40,1
DA:47,98
DA:48,70
DA:56,2
LF:9
LH:9
BRF:0
BRH:0
end_of_record
TN:
SF:src/screens/SearchScreen.tsx
FN:19,(anonymous_0)
FN:31,(anonymous_1)
FN:43,(anonymous_2)
FN:54,(anonymous_3)
FN:80,(anonymous_4)
FN:125,(anonymous_5)
FN:126,(anonymous_6)
FN:133,(anonymous_7)
FN:134,(anonymous_8)
FNF:9
FNH:8
FNDA:48,(anonymous_0)
FNDA:5,(anonymous_1)
FNDA:7,(anonymous_2)
FNDA:13,(anonymous_3)
FNDA:2,(anonymous_4)
FNDA:1,(anonymous_5)
FNDA:1,(anonymous_6)
FNDA:1,(anonymous_7)
FNDA:0,(anonymous_8)
DA:19,2
DA:20,48
DA:22,48
DA:23,48
DA:24,48
DA:25,48
DA:26,48
DA:27,48
DA:28,48
DA:29,48
DA:31,48
DA:32,5
DA:33,3
DA:34,3
DA:35,2
DA:36,1
DA:38,1
DA:39,1
DA:43,48
DA:44,7
DA:45,1
DA:46,1
DA:48,6
DA:50,7
DA:51,7
DA:54,48
DA:55,13
DA:56,1
DA:57,1
DA:59,12
DA:61,13
DA:62,13
DA:65,48
DA:80,48
DA:81,2
DA:83,2
DA:87,2
DA:95,48
DA:125,1
DA:126,1
DA:133,1
DA:134,0
DA:144,2
LF:43
LH:42
BRDA:32,0,0,3
BRDA:32,0,1,2
BRDA:32,1,0,5
BRDA:32,1,1,5
BRDA:32,1,2,5
BRDA:35,2,0,1
BRDA:35,2,1,1
BRDA:44,3,0,1
BRDA:44,3,1,6
BRDA:55,4,0,1
BRDA:55,4,1,12
BRDA:83,5,0,2
BRDA:83,5,1,0
BRDA:83,6,0,2
BRDA:83,6,1,2
BRF:15
BRH:14
end_of_record
TN:
SF:src/screens/UserScreen.tsx
FN:5,(anonymous_0)
FNF:1
FNH:1
FNDA:2,(anonymous_0)
DA:5,2
DA:6,2
DA:14,2
LF:3
LH:3
BRF:0
BRH:0
end_of_record
TN:
SF:src/theme/colors.ts
FNF:0
FNH:0
DA:1,9
LF:1
LH:1
BRF:0
BRH:0
end_of_record
