TN:
SF:App.tsx
FN:7,App
FNF:1
FNH:1
FNDA:1,App
DA:8,1
LF:1
LH:1
BRF:0
BRH:0
end_of_record
TN:
SF:src/components/Calendar.tsx
FN:32,(anonymous_0)
FN:53,(anonymous_1)
FN:63,(anonymous_2)
FN:70,(anonymous_3)
FN:74,(anonymous_4)
FN:95,(anonymous_5)
FN:153,(anonymous_6)
FNF:7
FNH:7
FNDA:100,(anonymous_0)
FNDA:3021,(anonymous_1)
FNDA:3021,(anonymous_2)
FNDA:3021,(anonymous_3)
FNDA:100,(anonymous_4)
FNDA:16,(anonymous_5)
FNDA:700,(anonymous_6)
DA:15,5
DA:30,5
DA:32,5
DA:41,100
DA:42,100
DA:44,100
DA:45,100
DA:46,100
DA:47,100
DA:50,100
DA:51,100
DA:53,100
DA:54,3021
DA:55,62
DA:57,2959
DA:58,754
DA:60,2205
DA:63,100
DA:64,3021
DA:65,2779
DA:67,242
DA:70,100
DA:71,3021
DA:74,100
DA:75,100
DA:76,100
DA:78,100
DA:79,299
DA:82,100
DA:83,3021
DA:84,3021
DA:85,3021
DA:87,3021
DA:95,16
DA:109,3021
DA:110,504
DA:111,100
DA:112,100
DA:113,208
DA:118,504
DA:123,504
DA:127,100
DA:130,100
DA:154,700
DA:164,5
LF:45
LH:45
BRDA:50,0,0,100
BRDA:50,0,1,98
BRDA:50,0,2,67
BRDA:51,1,0,100
BRDA:51,1,1,67
BRDA:54,2,0,62
BRDA:54,2,1,2959
BRDA:57,3,0,754
BRDA:57,3,1,2205
BRDA:57,4,0,2959
BRDA:57,4,1,1740
BRDA:64,5,0,2779
BRDA:64,5,1,242
BRDA:64,6,0,3021
BRDA:64,6,1,513
BRDA:67,7,0,242
BRDA:67,7,1,115
BRDA:71,8,0,3021
BRDA:71,8,1,3004
BRDA:92,9,0,3021
BRDA:92,9,1,53
BRDA:93,10,0,3021
BRDA:93,10,1,25
BRDA:100,11,0,3021
BRDA:100,11,1,53
BRDA:101,12,0,3021
BRDA:101,12,1,25
BRDA:102,13,0,3021
BRDA:102,13,1,816
BRDA:109,14,0,504
BRDA:109,14,1,2517
BRDA:109,15,0,3021
BRDA:109,15,1,2602
BRDA:110,16,0,100
BRDA:110,16,1,404
BRDA:136,17,0,100
BRDA:136,17,1,42
BRDA:140,18,0,100
BRDA:140,18,1,42
BRDA:140,18,2,60
BRF:40
BRH:40
end_of_record
TN:
SF:src/components/CounterInput.tsx
FN:13,(anonymous_0)
FNF:1
FNH:1
FNDA:212,(anonymous_0)
DA:13,5
DA:20,212
DA:45,5
LF:3
LH:3
BRDA:16,0,0,1
BRDA:25,1,0,212
BRDA:25,1,1,204
BRDA:31,2,0,212
BRDA:31,2,1,204
BRF:5
BRH:5
end_of_record
TN:
SF:src/components/RoomCard.tsx
FN:13,(anonymous_0)
FN:15,(anonymous_1)
FN:23,(anonymous_2)
FN:37,(anonymous_3)
FNF:4
FNH:4
FNDA:41,(anonymous_0)
FNDA:41,(anonymous_1)
FNDA:41,(anonymous_2)
FNDA:41,(anonymous_3)
DA:11,5
DA:13,41
DA:15,5
DA:16,41
DA:17,41
DA:18,38
DA:20,3
DA:23,5
DA:24,41
DA:25,41
DA:26,205
DA:34,41
DA:37,5
DA:38,41
DA:58,5
LF:15
LH:15
BRDA:17,0,0,38
BRDA:17,0,1,3
BRDA:17,1,0,41
BRDA:17,1,1,39
BRDA:29,2,0,193
BRDA:29,2,1,12
BRF:6
BRH:6
end_of_record
TN:
SF:src/data/room.ts
FNF:0
FNH:0
LF:0
LH:0
BRF:0
BRH:0
end_of_record
TN:
SF:src/navigation/AppNavigator.tsx
FN:11,(anonymous_0)
FN:34,(anonymous_1)
FN:43,(anonymous_2)
FN:52,(anonymous_3)
FNF:4
FNH:1
FNDA:6,(anonymous_0)
FNDA:0,(anonymous_1)
FNDA:0,(anonymous_2)
FNDA:0,(anonymous_3)
DA:9,2
DA:11,2
DA:12,6
DA:35,0
DA:44,0
DA:53,0
LF:6
LH:3
BRF:0
BRH:0
end_of_record
TN:
SF:src/navigation/SearchStackNavigator.tsx
FN:21,(anonymous_0)
FNF:1
FNH:1
FNDA:4,(anonymous_0)
DA:19,3
DA:21,3
DA:22,4
LF:3
LH:3
BRF:0
BRH:0
end_of_record
TN:
SF:src/screens/ReservationsScreen.tsx
FN:6,(anonymous_0)
FNF:1
FNH:1
FNDA:2,(anonymous_0)
DA:6,3
DA:7,2
DA:15,3
LF:3
LH:3
BRF:0
BRH:0
end_of_record
TN:
SF:src/screens/ResultsScreen.tsx
FN:21,(anonymous_0)
FN:31,(anonymous_1)
FN:34,(anonymous_2)
FN:64,(anonymous_3)
FN:69,(anonymous_4)
FN:104,(anonymous_5)
FN:132,(anonymous_6)
FN:133,(anonymous_7)
FNF:8
FNH:8
FNDA:34,(anonymous_0)
FNDA:17,(anonymous_1)
FNDA:17,(anonymous_2)
FNDA:17,(anonymous_3)
FNDA:34,(anonymous_4)
FNDA:1,(anonymous_5)
FNDA:36,(anonymous_6)
FNDA:24,(anonymous_7)
DA:21,4
DA:22,34
DA:23,34
DA:25,34
DA:27,34
DA:28,34
DA:29,34
DA:31,34
DA:32,17
DA:34,17
DA:35,17
DA:36,17
DA:37,17
DA:38,17
DA:45,13
DA:46,13
DA:49,4
DA:51,4
DA:52,4
DA:53,4
DA:56,17
DA:57,17
DA:62,17
DA:64,17
DA:65,17
DA:69,34
DA:70,34
DA:71,17
DA:73,17
DA:74,4
DA:76,13
DA:79,34
DA:104,1
DA:132,36
DA:133,24
DA:142,4
LF:36
LH:36
BRDA:45,0,0,13
BRDA:45,0,1,0
BRDA:49,1,0,4
BRDA:49,1,1,0
BRDA:51,2,0,3
BRDA:51,2,1,1
BRDA:56,3,0,17
BRDA:56,3,1,0
BRDA:70,4,0,17
BRDA:70,4,1,17
BRDA:73,5,0,4
BRDA:73,5,1,13
BRDA:109,6,0,34
BRDA:109,6,1,17
BRDA:115,7,0,34
BRDA:115,7,1,17
BRDA:115,7,2,4
BRDA:121,8,0,34
BRDA:121,8,1,17
BRDA:121,8,2,13
BRDA:121,8,3,1
BRDA:129,9,0,34
BRDA:129,9,1,17
BRDA:129,9,2,13
BRDA:129,9,3,12
BRF:25
BRH:22
end_of_record
TN:
SF:src/screens/SearchScreen.tsx
FN:20,(anonymous_0)
FN:36,(anonymous_1)
FN:48,(anonymous_2)
FN:59,(anonymous_3)
FN:85,(anonymous_4)
FN:91,(anonymous_5)
FN:145,(anonymous_6)
FN:146,(anonymous_7)
FN:153,(anonymous_8)
FN:154,(anonymous_9)
FN:161,(anonymous_10)
FN:162,(anonymous_11)
FNF:12
FNH:8
FNDA:68,(anonymous_0)
FNDA:14,(anonymous_1)
FNDA:0,(anonymous_2)
FNDA:13,(anonymous_3)
FNDA:10,(anonymous_4)
FNDA:5,(anonymous_5)
FNDA:1,(anonymous_6)
FNDA:0,(anonymous_7)
FNDA:1,(anonymous_8)
FNDA:0,(anonymous_9)
FNDA:1,(anonymous_10)
FNDA:0,(anonymous_11)
DA:20,4
DA:21,68
DA:23,68
DA:24,68
DA:25,68
DA:26,68
DA:27,68
DA:28,68
DA:29,68
DA:30,68
DA:31,68
DA:34,68
DA:36,68
DA:37,14
DA:38,8
DA:39,8
DA:40,6
DA:41,6
DA:43,0
DA:44,0
DA:48,68
DA:49,0
DA:50,0
DA:51,0
DA:53,0
DA:55,0
DA:56,0
DA:59,68
DA:60,13
DA:61,1
DA:62,1
DA:64,12
DA:66,13
DA:67,13
DA:70,68
DA:85,68
DA:86,10
DA:87,10
DA:88,10
DA:91,68
DA:92,5
DA:93,0
DA:96,5
DA:97,5
DA:99,5
DA:100,5
DA:101,5
DA:103,5
DA:114,68
DA:145,1
DA:146,0
DA:153,1
DA:154,0
DA:161,1
DA:162,0
DA:177,4
LF:56
LH:44
BRDA:34,0,0,68
BRDA:34,0,1,20
BRDA:34,0,2,12
BRDA:37,1,0,8
BRDA:37,1,1,6
BRDA:37,2,0,14
BRDA:37,2,1,6
BRDA:37,2,2,6
BRDA:40,3,0,6
BRDA:40,3,1,0
BRDA:49,4,0,0
BRDA:49,4,1,0
BRDA:60,5,0,1
BRDA:60,5,1,12
BRDA:92,6,0,0
BRDA:92,6,1,5
BRDA:92,7,0,5
BRDA:92,7,1,5
BRDA:167,8,0,68
BRDA:167,8,1,62
BRF:20
BRH:16
end_of_record
TN:
SF:src/screens/UserScreen.tsx
FN:6,(anonymous_0)
FNF:1
FNH:1
FNDA:2,(anonymous_0)
DA:6,3
DA:7,2
DA:15,3
LF:3
LH:3
BRF:0
BRH:0
end_of_record
TN:
SF:src/services/searchApi.ts
FN:13,(anonymous_0)
FN:23,(anonymous_1)
FN:36,(anonymous_2)
FN:39,(anonymous_3)
FN:40,(anonymous_4)
FN:45,(anonymous_5)
FN:63,(anonymous_6)
FN:83,(anonymous_7)
FNF:8
FNH:8
FNDA:266,(anonymous_0)
FNDA:190,(anonymous_1)
FNDA:114,(anonymous_2)
FNDA:94,(anonymous_3)
FNDA:94,(anonymous_4)
FNDA:38,(anonymous_5)
FNDA:39,(anonymous_6)
FNDA:38,(anonymous_7)
DA:3,5
DA:13,5
DA:14,266
DA:15,178
DA:17,88
DA:18,1
DA:20,87
DA:23,5
DA:24,190
DA:25,125
DA:27,65
DA:28,2
DA:29,2
DA:30,1
DA:33,64
DA:36,5
DA:37,114
DA:38,77
DA:39,94
DA:40,94
DA:42,37
DA:45,38
DA:63,5
DA:66,39
DA:74,39
DA:76,39
DA:77,35
DA:78,3
DA:81,32
DA:82,32
DA:83,38
LF:31
LH:31
BRDA:13,0,0,190
BRDA:14,1,0,178
BRDA:14,1,1,88
BRDA:17,2,0,1
BRDA:17,2,1,87
BRDA:17,3,0,88
BRDA:17,3,1,1
BRDA:23,4,0,190
BRDA:24,5,0,125
BRDA:24,5,1,65
BRDA:24,6,0,190
BRDA:24,6,1,126
BRDA:27,7,0,2
BRDA:27,7,1,63
BRDA:27,8,0,65
BRDA:27,8,1,3
BRDA:29,9,0,1
BRDA:29,9,1,1
BRDA:37,10,0,77
BRDA:37,10,1,37
BRDA:39,11,0,92
BRDA:39,11,1,2
BRDA:77,12,0,3
BRDA:77,12,1,32
BRDA:82,13,0,30
BRDA:82,13,1,2
BRF:26
BRH:26
end_of_record
TN:
SF:src/theme/colors.ts
FNF:0
FNH:0
DA:1,11
LF:1
LH:1
BRF:0
BRH:0
end_of_record
